{
  "stats": {
    "suites": 1,
    "tests": 12,
    "passes": 12,
    "pending": 0,
    "failures": 0,
    "start": "2022-01-06T18:40:13.930Z",
    "end": "2022-01-06T18:41:12.983Z",
    "duration": 59053,
    "testsRegistered": 12,
    "passPercent": 100,
    "pendingPercent": 0,
    "other": 0,
    "hasOther": false,
    "skipped": 0,
    "hasSkipped": false
  },
  "results": [
    {
      "uuid": "36092f20-8a32-4976-96bb-ebfb2ed2a4b7",
      "title": "",
      "fullFile": "cypress/integration/stillWaterMonthly-spec.js",
      "file": "cypress/integration/stillWaterMonthly-spec.js",
      "beforeHooks": [],
      "afterHooks": [],
      "tests": [],
      "suites": [
        {
          "uuid": "ba88d88b-5fad-46f7-8328-35bcd21366eb",
          "title": "Test Still Water Monthly",
          "fullFile": "",
          "file": "",
          "beforeHooks": [],
          "afterHooks": [],
          "tests": [
            {
              "title": "Load Website",
              "fullTitle": "Test Still Water Monthly Load Website",
              "timedOut": null,
              "duration": 20172,
              "state": "passed",
              "speed": "slow",
              "pass": true,
              "fail": false,
              "pending": false,
              "context": null,
              "code": "cy.visit('/renters/renter');\ncy.wait(3000);",
              "err": {},
              "uuid": "68a5028f-a59d-4f97-a19e-575cef2f9bc1",
              "parentUUID": "ba88d88b-5fad-46f7-8328-35bcd21366eb",
              "isHook": false,
              "skipped": false
            },
            {
              "title": "Assert Data that  should be visible",
              "fullTitle": "Test Still Water Monthly Assert Data that  should be visible",
              "timedOut": null,
              "duration": 95,
              "state": "passed",
              "speed": "fast",
              "pass": true,
              "fail": false,
              "pending": false,
              "context": null,
              "code": "cy.get('#avatar-lily').should('be.visible'); // Picture should be visible\ncy.get('.lily-voice').should('be.visible', this.data.firstPageData); // quote should be visible",
              "err": {},
              "uuid": "b2f3b647-e9c9-42ba-8abb-99367caa9ced",
              "parentUUID": "ba88d88b-5fad-46f7-8328-35bcd21366eb",
              "isHook": false,
              "skipped": false
            },
            {
              "title": "userInput",
              "fullTitle": "Test Still Water Monthly userInput",
              "timedOut": null,
              "duration": 7754,
              "state": "passed",
              "speed": "medium",
              "pass": true,
              "fail": false,
              "pending": false,
              "context": null,
              "code": "cy.get('#mat-input-0').type(this.data.firstName); //Entering UserName\ncy.get('#mat-input-1').type(this.data.lastName); //Entering LastName\ncy.get('#mat-input-2').type(this.data.DateofBirth); //Entering DateOfBirth\ncy.get('.mat-flat-button').click();",
              "err": {},
              "uuid": "4bc77b1e-274d-431f-ae80-e510c3db00e4",
              "parentUUID": "ba88d88b-5fad-46f7-8328-35bcd21366eb",
              "isHook": false,
              "skipped": false
            },
            {
              "title": "addressPageForVerification",
              "fullTitle": "Test Still Water Monthly addressPageForVerification",
              "timedOut": null,
              "duration": 8144,
              "state": "passed",
              "speed": "medium",
              "pass": true,
              "fail": false,
              "pending": false,
              "context": null,
              "code": "cy.get('#avatar-lily').should('be.visible'); // Picture should be visible\ncy.get('#mat-input-3').type(this.data.address.address1); //Entering address\ncy.wait(3000);\ncy.get('.pac-item').click(); //Clicked On fetched Address\ncy.get('#mat-input-7').type(this.data.apt); // cy.get('div.input-div > button').dblclick({ multiple: true });\nfor (let n = 0; n < 3; n++) {\n  cy.get('.mat-flat-button').click(); //Clicking On Next Button\n}",
              "err": {},
              "uuid": "c2a07960-95f6-43ef-bb11-6b1d1bbb9a99",
              "parentUUID": "ba88d88b-5fad-46f7-8328-35bcd21366eb",
              "isHook": false,
              "skipped": false
            },
            {
              "title": "userCredentials",
              "fullTitle": "Test Still Water Monthly userCredentials",
              "timedOut": null,
              "duration": 1121,
              "state": "passed",
              "speed": "fast",
              "pass": true,
              "fail": false,
              "pending": false,
              "context": null,
              "code": "cy.get('#avatar-lily').should('be.visible'); //Picture should be visible\ncy.get('#mat-input-8').type(this.data.email); // Entering Email\ncy.get('#mat-input-9').type(this.data.phoneNo); //Entering PhoneNo\ncy.get('.mat-flat-button').click(); //Clicking On Next Button",
              "err": {},
              "uuid": "97891d4b-5b0c-4676-b2cf-90c095509813",
              "parentUUID": "ba88d88b-5fad-46f7-8328-35bcd21366eb",
              "isHook": false,
              "skipped": false
            },
            {
              "title": "personalQuestions",
              "fullTitle": "Test Still Water Monthly personalQuestions",
              "timedOut": null,
              "duration": 1109,
              "state": "passed",
              "speed": "fast",
              "pass": true,
              "fail": false,
              "pending": false,
              "context": null,
              "code": "cy.get('#avatar-lily').should('be.visible'); // Picture should be visible\ncy.get('#mat-radio-4').click(); //Selecting Any Option\ncy.get('.mat-flat-button').click(); //Clicking On Next Button",
              "err": {},
              "uuid": "b36c19e1-3dea-4085-8861-1aec9b415799",
              "parentUUID": "ba88d88b-5fad-46f7-8328-35bcd21366eb",
              "isHook": false,
              "skipped": false
            },
            {
              "title": "lets talk business",
              "fullTitle": "Test Still Water Monthly lets talk business",
              "timedOut": null,
              "duration": 560,
              "state": "passed",
              "speed": "fast",
              "pass": true,
              "fail": false,
              "pending": false,
              "context": null,
              "code": "cy.get('#avatar-lily').should('be.visible'); // Picture should be visible\ncy.get('#cdk-step-content-0-4 > .ng-star-inserted > .buttons > :nth-child(1)').contains(\"No\").click(); //Selecting Any Option\ncy.get('.mat-flat-button').click(); //Clicking On Next Button",
              "err": {},
              "uuid": "74ada32d-1303-4977-95ce-ec637e089a76",
              "parentUUID": "ba88d88b-5fad-46f7-8328-35bcd21366eb",
              "isHook": false,
              "skipped": false
            },
            {
              "title": "Last question",
              "fullTitle": "Test Still Water Monthly Last question",
              "timedOut": null,
              "duration": 754,
              "state": "passed",
              "speed": "fast",
              "pass": true,
              "fail": false,
              "pending": false,
              "context": null,
              "code": "cy.get('#avatar-lily').should('be.visible'); // Picture should be visible\ncy.get('#cdk-step-content-0-5 > .ng-star-inserted > .buttons > :nth-child(1)').contains(\"No\").click(); //Selecting Any Option\ncy.get('.mat-flat-button').click(); //Clicking On Next Button",
              "err": {},
              "uuid": "6b9b440f-4d9c-4f08-9e53-8ade61db3143",
              "parentUUID": "ba88d88b-5fad-46f7-8328-35bcd21366eb",
              "isHook": false,
              "skipped": false
            },
            {
              "title": "Offers",
              "fullTitle": "Test Still Water Monthly Offers",
              "timedOut": null,
              "duration": 13267,
              "state": "passed",
              "speed": "slow",
              "pass": true,
              "fail": false,
              "pending": false,
              "context": null,
              "code": "cy.get('#avatar-lily').should('be.visible'); // Picture should be visible\ncy.get('app-coverage-details.ng-star-inserted > div.ng-untouched').should(\"be.visible\"); //Selecting Any Option\ncy.wait(6000);\ncy.get('.mat-flat-button').click({\n  multiple: true\n}); //Clicking On Next Button",
              "err": {},
              "uuid": "05232a24-7709-4570-ae29-b250e4c01bd0",
              "parentUUID": "ba88d88b-5fad-46f7-8328-35bcd21366eb",
              "isHook": false,
              "skipped": false
            },
            {
              "title": "confirmationPage",
              "fullTitle": "Test Still Water Monthly confirmationPage",
              "timedOut": null,
              "duration": 863,
              "state": "passed",
              "speed": "fast",
              "pass": true,
              "fail": false,
              "pending": false,
              "context": null,
              "code": "cy.get('#avatar-lily').should('be.visible'); // Picture should be visible\ncy.get('.mat-horizontal-content-container').should('be.visible'); //Checking Confirm Rates\ncy.get('.mat-checkbox-inner-container').click(); //clicking on checkbox\ncy.get('.mat-flat-button').click(); //Clicking on Continue To Payment",
              "err": {},
              "uuid": "fa41e695-3ab4-4677-b4db-e01db30ebd03",
              "parentUUID": "ba88d88b-5fad-46f7-8328-35bcd21366eb",
              "isHook": false,
              "skipped": false
            },
            {
              "title": "PaymentMode",
              "fullTitle": "Test Still Water Monthly PaymentMode",
              "timedOut": null,
              "duration": 2385,
              "state": "passed",
              "speed": "fast",
              "pass": true,
              "fail": false,
              "pending": false,
              "context": null,
              "code": "cy.get('#lbl_monthly_eft').click(); //selecting monthly credit card\ncy.get('.payment_options_wrapper > :nth-child(2)').should('be.visible');\ncy.get('.payment_options_wrapper > :nth-child(3)').should('be.visible');\ncy.get('.payment_options_wrapper > :nth-child(4)').should('be.visible');\ncy.get('.payment_options_wrapper > :nth-child(5)').should('be.visible');\ncy.get('.mat-flat-button').click();",
              "err": {},
              "uuid": "bae51f78-b7ba-4167-9e4b-102497f8d5f8",
              "parentUUID": "ba88d88b-5fad-46f7-8328-35bcd21366eb",
              "isHook": false,
              "skipped": false
            },
            {
              "title": "creditCard",
              "fullTitle": "Test Still Water Monthly creditCard",
              "timedOut": null,
              "duration": 2482,
              "state": "passed",
              "speed": "fast",
              "pass": true,
              "fail": false,
              "pending": false,
              "context": null,
              "code": "cy.get('#mat-input-14').type('111111111'); // cc credentials\ncy.get('#mat-input-15').type('111111111111');\ncy.get('.mat-form-field-suffix > .mat-focus-indicator > .mat-button-wrapper > .mat-icon').click();\ncy.get('#mat-input-16').type('111111111111');\ncy.get('.mat-select-placeholder').click();\ncy.get('#mat-option-10 > .mat-option-text').click();\ncy.get('app-eft-bank-info.ng-star-inserted > :nth-child(3)').should('be.visible');\ncy.get('app-eft-bank-info.ng-star-inserted > .pad-bottom').should('be.visible');\ncy.get('.mat-flat-button').click();",
              "err": {},
              "uuid": "267e846c-c3cc-4df5-8fda-8646e2c168ae",
              "parentUUID": "ba88d88b-5fad-46f7-8328-35bcd21366eb",
              "isHook": false,
              "skipped": false
            }
          ],
          "suites": [],
          "passes": [
            "68a5028f-a59d-4f97-a19e-575cef2f9bc1",
            "b2f3b647-e9c9-42ba-8abb-99367caa9ced",
            "4bc77b1e-274d-431f-ae80-e510c3db00e4",
            "c2a07960-95f6-43ef-bb11-6b1d1bbb9a99",
            "97891d4b-5b0c-4676-b2cf-90c095509813",
            "b36c19e1-3dea-4085-8861-1aec9b415799",
            "74ada32d-1303-4977-95ce-ec637e089a76",
            "6b9b440f-4d9c-4f08-9e53-8ade61db3143",
            "05232a24-7709-4570-ae29-b250e4c01bd0",
            "fa41e695-3ab4-4677-b4db-e01db30ebd03",
            "bae51f78-b7ba-4167-9e4b-102497f8d5f8",
            "267e846c-c3cc-4df5-8fda-8646e2c168ae"
          ],
          "failures": [],
          "pending": [],
          "skipped": [],
          "duration": 58706,
          "root": false,
          "rootEmpty": false,
          "_timeout": 2000
        }
      ],
      "passes": [],
      "failures": [],
      "pending": [],
      "skipped": [],
      "duration": 0,
      "root": true,
      "rootEmpty": true,
      "_timeout": 2000
    }
  ],
  "meta": {
    "mocha": {
      "version": "7.0.1"
    },
    "mochawesome": {
      "options": {
        "quiet": false,
        "reportFilename": "mochawesome",
        "saveHtml": false,
        "saveJson": true,
        "consoleReporter": "spec",
        "useInlineDiffs": false,
        "code": true
      },
      "version": "7.0.1"
    },
    "marge": {
      "options": {
        "id": "default",
        "reportDir": "cypress/reports/mocha",
        "quite": true,
        "overwrite": false,
        "html": false,
        "json": true
      },
      "version": "6.0.1"
    }
  }
}