{
  "stats": {
    "suites": 1,
    "tests": 11,
    "passes": 11,
    "pending": 0,
    "failures": 0,
    "start": "2022-01-06T18:38:56.915Z",
    "end": "2022-01-06T18:40:09.246Z",
    "duration": 72331,
    "testsRegistered": 11,
    "passPercent": 100,
    "pendingPercent": 0,
    "other": 0,
    "hasOther": false,
    "skipped": 0,
    "hasSkipped": false
  },
  "results": [
    {
      "uuid": "d9307587-5e6d-4779-9ea5-ab33b052e1c8",
      "title": "",
      "fullFile": "cypress/integration/stillWaterAnnual-spec.js",
      "file": "cypress/integration/stillWaterAnnual-spec.js",
      "beforeHooks": [],
      "afterHooks": [],
      "tests": [],
      "suites": [
        {
          "uuid": "ec80e76f-10c0-48d9-ab1b-2f0e547cb494",
          "title": "Test Still Water Annual",
          "fullFile": "",
          "file": "",
          "beforeHooks": [],
          "afterHooks": [],
          "tests": [
            {
              "title": "Load Website",
              "fullTitle": "Test Still Water Annual Load Website",
              "timedOut": null,
              "duration": 27277,
              "state": "passed",
              "speed": "slow",
              "pass": true,
              "fail": false,
              "pending": false,
              "context": null,
              "code": "cy.visit('/renters/renter');\ncy.wait(3000);",
              "err": {},
              "uuid": "f120e34d-24ce-4d83-a9fa-4480c1c870c6",
              "parentUUID": "ec80e76f-10c0-48d9-ab1b-2f0e547cb494",
              "isHook": false,
              "skipped": false
            },
            {
              "title": "Assert Data that  should be visible",
              "fullTitle": "Test Still Water Annual Assert Data that  should be visible",
              "timedOut": null,
              "duration": 144,
              "state": "passed",
              "speed": "fast",
              "pass": true,
              "fail": false,
              "pending": false,
              "context": null,
              "code": "cy.get('#avatar-lily').should('be.visible'); // Picture should be visible\ncy.get('.lily-voice').should('be.visible', this.data.firstPageData); // quote should be visible",
              "err": {},
              "uuid": "24da960d-039c-4f27-a9dd-37be691ad8eb",
              "parentUUID": "ec80e76f-10c0-48d9-ab1b-2f0e547cb494",
              "isHook": false,
              "skipped": false
            },
            {
              "title": "userInput",
              "fullTitle": "Test Still Water Annual userInput",
              "timedOut": null,
              "duration": 9404,
              "state": "passed",
              "speed": "medium",
              "pass": true,
              "fail": false,
              "pending": false,
              "context": null,
              "code": "cy.get('#mat-input-0').type(this.data.firstName); //Entering UserName\ncy.get('#mat-input-1').type(this.data.lastName); //Entering LastName\ncy.get('#mat-input-2').type(this.data.DateofBirth); //Entering DateOfBirth\ncy.get('.mat-flat-button').click();",
              "err": {},
              "uuid": "656bb9f4-639b-44b1-b820-73c7b76941fc",
              "parentUUID": "ec80e76f-10c0-48d9-ab1b-2f0e547cb494",
              "isHook": false,
              "skipped": false
            },
            {
              "title": "addressPageForVerification",
              "fullTitle": "Test Still Water Annual addressPageForVerification",
              "timedOut": null,
              "duration": 10075,
              "state": "passed",
              "speed": "slow",
              "pass": true,
              "fail": false,
              "pending": false,
              "context": null,
              "code": "cy.get('#avatar-lily').should('be.visible'); // Picture should be visible\ncy.get('#mat-input-3').type(this.data.address.address1); //Entering address\ncy.wait(3000);\ncy.get('.pac-item').click(); //Clicked On fetched Address\ncy.get('#mat-input-7').type(this.data.apt); // cy.get('.mat-flat-button').dblclick({ multiple: true });\nfor (let n = 0; n < 3; n++) {\n  cy.get('.mat-flat-button').click(); //Clicking On Next Button\n}",
              "err": {},
              "uuid": "8d5b72d5-386e-44f2-878a-45d1149375de",
              "parentUUID": "ec80e76f-10c0-48d9-ab1b-2f0e547cb494",
              "isHook": false,
              "skipped": false
            },
            {
              "title": "userCredentials",
              "fullTitle": "Test Still Water Annual userCredentials",
              "timedOut": null,
              "duration": 2318,
              "state": "passed",
              "speed": "fast",
              "pass": true,
              "fail": false,
              "pending": false,
              "context": null,
              "code": "cy.get('#avatar-lily').should('be.visible'); //Picture should be visible\ncy.get('#mat-input-8').type(this.data.email); // Entering Email\ncy.get('#mat-input-9').type(this.data.phoneNo); //Entering PhoneNo\ncy.get('.mat-flat-button').click(); //Clicking On Next Button",
              "err": {},
              "uuid": "7a4dab6b-5d2f-498b-88e4-ac4bf547ac9f",
              "parentUUID": "ec80e76f-10c0-48d9-ab1b-2f0e547cb494",
              "isHook": false,
              "skipped": false
            },
            {
              "title": "personalQuestions",
              "fullTitle": "Test Still Water Annual personalQuestions",
              "timedOut": null,
              "duration": 2286,
              "state": "passed",
              "speed": "fast",
              "pass": true,
              "fail": false,
              "pending": false,
              "context": null,
              "code": "cy.get('#avatar-lily').should('be.visible'); // Picture should be visible\ncy.get('#mat-radio-4').click(); //Selecting Any Option\ncy.get('.mat-flat-button').click(); //Clicking On Next Button",
              "err": {},
              "uuid": "357ff3de-a576-4d60-84b8-c7b219e91bfe",
              "parentUUID": "ec80e76f-10c0-48d9-ab1b-2f0e547cb494",
              "isHook": false,
              "skipped": false
            },
            {
              "title": "lets talk business",
              "fullTitle": "Test Still Water Annual lets talk business",
              "timedOut": null,
              "duration": 993,
              "state": "passed",
              "speed": "fast",
              "pass": true,
              "fail": false,
              "pending": false,
              "context": null,
              "code": "cy.get('#avatar-lily').should('be.visible'); // Picture should be visible\ncy.get('#cdk-step-content-0-4 > .ng-star-inserted > .buttons > :nth-child(1)').contains(\"No\").click(); //Selecting Any Option\ncy.get('.mat-flat-button').click(); //Clicking On Next Button",
              "err": {},
              "uuid": "a57761a5-49d4-496e-8dc0-8a6ac26c5cef",
              "parentUUID": "ec80e76f-10c0-48d9-ab1b-2f0e547cb494",
              "isHook": false,
              "skipped": false
            },
            {
              "title": "Last question",
              "fullTitle": "Test Still Water Annual Last question",
              "timedOut": null,
              "duration": 1343,
              "state": "passed",
              "speed": "fast",
              "pass": true,
              "fail": false,
              "pending": false,
              "context": null,
              "code": "cy.get('#avatar-lily').should('be.visible');\ncy.get('#cdk-step-content-0-5 > .ng-star-inserted > .buttons > :nth-child(1)').contains(\"No\").click(); //Selecting Any Option\ncy.get('.mat-flat-button').click(); //Clicking On Next Button",
              "err": {},
              "uuid": "e10beb0e-4c1f-4778-9c9f-edd00753b019",
              "parentUUID": "ec80e76f-10c0-48d9-ab1b-2f0e547cb494",
              "isHook": false,
              "skipped": false
            },
            {
              "title": "Offers",
              "fullTitle": "Test Still Water Annual Offers",
              "timedOut": null,
              "duration": 10053,
              "state": "passed",
              "speed": "slow",
              "pass": true,
              "fail": false,
              "pending": false,
              "context": null,
              "code": "cy.get('#avatar-lily').should('be.visible'); // Picture should be visible\ncy.get('app-coverage-details.ng-star-inserted > div.ng-untouched').should(\"be.visible\"); //Selecting Any Option\ncy.wait(6000);\ncy.get('.mat-flat-button').click({\n  multiple: true\n}); //Clicking On Next Button",
              "err": {},
              "uuid": "9521bb07-3618-4c01-bd0c-347798a4a407",
              "parentUUID": "ec80e76f-10c0-48d9-ab1b-2f0e547cb494",
              "isHook": false,
              "skipped": false
            },
            {
              "title": "confirmationPage",
              "fullTitle": "Test Still Water Annual confirmationPage",
              "timedOut": null,
              "duration": 829,
              "state": "passed",
              "speed": "fast",
              "pass": true,
              "fail": false,
              "pending": false,
              "context": null,
              "code": "cy.get('#avatar-lily').should('be.visible'); // Picture should be visible\ncy.get('.mat-horizontal-content-container').should('be.visible'); //Checking Confirm Rates\ncy.get('.mat-checkbox-inner-container').click(); //clicking on checkbox\ncy.get('.mat-flat-button').click(); //Clicking on Continue To Payment",
              "err": {},
              "uuid": "6a853d2e-0a05-4c80-8096-b55fc19d12c2",
              "parentUUID": "ec80e76f-10c0-48d9-ab1b-2f0e547cb494",
              "isHook": false,
              "skipped": false
            },
            {
              "title": "PaymentMode",
              "fullTitle": "Test Still Water Annual PaymentMode",
              "timedOut": null,
              "duration": 7291,
              "state": "passed",
              "speed": "medium",
              "pass": true,
              "fail": false,
              "pending": false,
              "context": null,
              "code": "cy.get('#lbl_paid_in_full').click(); //selecting Annual,paid in full\ncy.get('.mat-flat-button').click(); //Clicking on Continue\ncy.get('#mat-input-14').type('111111111'); // details\ncy.get('#mat-input-15').type('111111111111');\ncy.get('.mat-form-field-suffix > .mat-focus-indicator > .mat-button-wrapper > .mat-icon').click();\ncy.get('#mat-input-16').type('111111111111');\ncy.get('.mat-select-placeholder').click();\ncy.get('#mat-option-10 > .mat-option-text').click();\ncy.get('app-eft-bank-info.ng-star-inserted > :nth-child(3)').should('be.visible');\ncy.get('app-eft-bank-info.ng-star-inserted > .pad-bottom').should('be.visible');\ncy.get('.mat-flat-button').should('be.visible').click();",
              "err": {},
              "uuid": "1dd0c096-e000-43d9-a522-6d6e5ea54c6c",
              "parentUUID": "ec80e76f-10c0-48d9-ab1b-2f0e547cb494",
              "isHook": false,
              "skipped": false
            }
          ],
          "suites": [],
          "passes": [
            "f120e34d-24ce-4d83-a9fa-4480c1c870c6",
            "24da960d-039c-4f27-a9dd-37be691ad8eb",
            "656bb9f4-639b-44b1-b820-73c7b76941fc",
            "8d5b72d5-386e-44f2-878a-45d1149375de",
            "7a4dab6b-5d2f-498b-88e4-ac4bf547ac9f",
            "357ff3de-a576-4d60-84b8-c7b219e91bfe",
            "a57761a5-49d4-496e-8dc0-8a6ac26c5cef",
            "e10beb0e-4c1f-4778-9c9f-edd00753b019",
            "9521bb07-3618-4c01-bd0c-347798a4a407",
            "6a853d2e-0a05-4c80-8096-b55fc19d12c2",
            "1dd0c096-e000-43d9-a522-6d6e5ea54c6c"
          ],
          "failures": [],
          "pending": [],
          "skipped": [],
          "duration": 72013,
          "root": false,
          "rootEmpty": false,
          "_timeout": 2000
        }
      ],
      "passes": [],
      "failures": [],
      "pending": [],
      "skipped": [],
      "duration": 0,
      "root": true,
      "rootEmpty": true,
      "_timeout": 2000
    }
  ],
  "meta": {
    "mocha": {
      "version": "7.0.1"
    },
    "mochawesome": {
      "options": {
        "quiet": false,
        "reportFilename": "mochawesome",
        "saveHtml": false,
        "saveJson": true,
        "consoleReporter": "spec",
        "useInlineDiffs": false,
        "code": true
      },
      "version": "7.0.1"
    },
    "marge": {
      "options": {
        "id": "default",
        "reportDir": "cypress/reports/mocha",
        "quite": true,
        "overwrite": false,
        "html": false,
        "json": true
      },
      "version": "6.0.1"
    }
  }
}