{
  "stats": {
    "suites": 1,
    "tests": 12,
    "passes": 12,
    "pending": 0,
    "failures": 0,
    "start": "2022-01-06T18:24:02.688Z",
    "end": "2022-01-06T18:25:00.741Z",
    "duration": 58053,
    "testsRegistered": 12,
    "passPercent": 100,
    "pendingPercent": 0,
    "other": 0,
    "hasOther": false,
    "skipped": 0,
    "hasSkipped": false
  },
  "results": [
    {
      "uuid": "70a7c1c2-fdd6-4920-939c-22a43726bc79",
      "title": "",
      "fullFile": "cypress/integration/stillWaterMonthly-spec.js",
      "file": "cypress/integration/stillWaterMonthly-spec.js",
      "beforeHooks": [],
      "afterHooks": [],
      "tests": [],
      "suites": [
        {
          "uuid": "ddf10a81-0807-49ea-b9c1-40a3e95ffe19",
          "title": "Test Still Water Monthly",
          "fullFile": "",
          "file": "",
          "beforeHooks": [],
          "afterHooks": [],
          "tests": [
            {
              "title": "Load Website",
              "fullTitle": "Test Still Water Monthly Load Website",
              "timedOut": null,
              "duration": 19927,
              "state": "passed",
              "speed": "slow",
              "pass": true,
              "fail": false,
              "pending": false,
              "context": null,
              "code": "cy.visit('/renters/renter');\ncy.wait(3000);",
              "err": {},
              "uuid": "80bbe72b-51bb-4884-8df9-ccdfa4f16aaa",
              "parentUUID": "ddf10a81-0807-49ea-b9c1-40a3e95ffe19",
              "isHook": false,
              "skipped": false
            },
            {
              "title": "Assert Data that  should be visible",
              "fullTitle": "Test Still Water Monthly Assert Data that  should be visible",
              "timedOut": null,
              "duration": 91,
              "state": "passed",
              "speed": "fast",
              "pass": true,
              "fail": false,
              "pending": false,
              "context": null,
              "code": "cy.get('#avatar-lily').should('be.visible'); // Picture should be visible\ncy.get('.lily-voice').should('be.visible', this.data.firstPageData); // quote should be visible",
              "err": {},
              "uuid": "d18ad19b-89b0-40c8-80fe-0e820e2b2aec",
              "parentUUID": "ddf10a81-0807-49ea-b9c1-40a3e95ffe19",
              "isHook": false,
              "skipped": false
            },
            {
              "title": "userInput",
              "fullTitle": "Test Still Water Monthly userInput",
              "timedOut": null,
              "duration": 10754,
              "state": "passed",
              "speed": "slow",
              "pass": true,
              "fail": false,
              "pending": false,
              "context": null,
              "code": "cy.get('#mat-input-0').type(this.data.firstName); //Entering UserName\ncy.get('#mat-input-1').type(this.data.lastName); //Entering LastName\ncy.get('#mat-input-2').type(this.data.DateofBirth); //Entering DateOfBirth\ncy.get('.mat-flat-button').click();",
              "err": {},
              "uuid": "5c76fdcb-bf26-40f2-9bec-6fcc327d5fc5",
              "parentUUID": "ddf10a81-0807-49ea-b9c1-40a3e95ffe19",
              "isHook": false,
              "skipped": false
            },
            {
              "title": "addressPageForVerification",
              "fullTitle": "Test Still Water Monthly addressPageForVerification",
              "timedOut": null,
              "duration": 7239,
              "state": "passed",
              "speed": "medium",
              "pass": true,
              "fail": false,
              "pending": false,
              "context": null,
              "code": "cy.get('#avatar-lily').should('be.visible'); // Picture should be visible\ncy.get('#mat-input-3').type(this.data.address.address1); //Entering address\ncy.wait(3000);\ncy.get('.pac-item').click(); //Clicked On fetched Address\ncy.get('#mat-input-7').type(this.data.apt); // cy.get('div.input-div > button').dblclick({ multiple: true });\nfor (let n = 0; n < 3; n++) {\n  cy.get('.mat-flat-button').click(); //Clicking On Next Button\n}",
              "err": {},
              "uuid": "4a9c23c6-cad8-4038-acde-9119c610d513",
              "parentUUID": "ddf10a81-0807-49ea-b9c1-40a3e95ffe19",
              "isHook": false,
              "skipped": false
            },
            {
              "title": "userCredentials",
              "fullTitle": "Test Still Water Monthly userCredentials",
              "timedOut": null,
              "duration": 1204,
              "state": "passed",
              "speed": "fast",
              "pass": true,
              "fail": false,
              "pending": false,
              "context": null,
              "code": "cy.get('#avatar-lily').should('be.visible'); //Picture should be visible\ncy.get('#mat-input-8').type(this.data.email); // Entering Email\ncy.get('#mat-input-9').type(this.data.phoneNo); //Entering PhoneNo\ncy.get('.mat-flat-button').click(); //Clicking On Next Button",
              "err": {},
              "uuid": "93f7baac-05b1-4ac4-ae25-3c7b4ab5ca42",
              "parentUUID": "ddf10a81-0807-49ea-b9c1-40a3e95ffe19",
              "isHook": false,
              "skipped": false
            },
            {
              "title": "personalQuestions",
              "fullTitle": "Test Still Water Monthly personalQuestions",
              "timedOut": null,
              "duration": 1122,
              "state": "passed",
              "speed": "fast",
              "pass": true,
              "fail": false,
              "pending": false,
              "context": null,
              "code": "cy.get('#avatar-lily').should('be.visible'); // Picture should be visible\ncy.get('#mat-radio-4').click(); //Selecting Any Option\ncy.get('.mat-flat-button').click(); //Clicking On Next Button",
              "err": {},
              "uuid": "ec96d5cd-ee78-44e1-b604-f918ca3a3a2f",
              "parentUUID": "ddf10a81-0807-49ea-b9c1-40a3e95ffe19",
              "isHook": false,
              "skipped": false
            },
            {
              "title": "lets talk business",
              "fullTitle": "Test Still Water Monthly lets talk business",
              "timedOut": null,
              "duration": 896,
              "state": "passed",
              "speed": "fast",
              "pass": true,
              "fail": false,
              "pending": false,
              "context": null,
              "code": "cy.get('#avatar-lily').should('be.visible'); // Picture should be visible\ncy.get('#cdk-step-content-0-4 > .ng-star-inserted > .buttons > :nth-child(1)').contains(\"No\").click(); //Selecting Any Option\ncy.get('.mat-flat-button').click(); //Clicking On Next Button",
              "err": {},
              "uuid": "91e9fb24-e304-434f-ad47-ae50514eef60",
              "parentUUID": "ddf10a81-0807-49ea-b9c1-40a3e95ffe19",
              "isHook": false,
              "skipped": false
            },
            {
              "title": "Last question",
              "fullTitle": "Test Still Water Monthly Last question",
              "timedOut": null,
              "duration": 671,
              "state": "passed",
              "speed": "fast",
              "pass": true,
              "fail": false,
              "pending": false,
              "context": null,
              "code": "cy.get('#avatar-lily').should('be.visible'); // Picture should be visible\ncy.get('#cdk-step-content-0-5 > .ng-star-inserted > .buttons > :nth-child(1)').contains(\"No\").click(); //Selecting Any Option\ncy.get('.mat-flat-button').click(); //Clicking On Next Button",
              "err": {},
              "uuid": "8add193c-5701-40bc-8fe2-3c76ec01a169",
              "parentUUID": "ddf10a81-0807-49ea-b9c1-40a3e95ffe19",
              "isHook": false,
              "skipped": false
            },
            {
              "title": "Offers",
              "fullTitle": "Test Still Water Monthly Offers",
              "timedOut": null,
              "duration": 9761,
              "state": "passed",
              "speed": "medium",
              "pass": true,
              "fail": false,
              "pending": false,
              "context": null,
              "code": "cy.get('#avatar-lily').should('be.visible'); // Picture should be visible\ncy.get('app-coverage-details.ng-star-inserted > div.ng-untouched').should(\"be.visible\"); //Selecting Any Option\ncy.wait(6000);\ncy.get('.mat-flat-button').click({\n  multiple: true\n}); //Clicking On Next Button",
              "err": {},
              "uuid": "3c7f8c59-998d-43c2-b784-9b890a54f3cd",
              "parentUUID": "ddf10a81-0807-49ea-b9c1-40a3e95ffe19",
              "isHook": false,
              "skipped": false
            },
            {
              "title": "confirmationPage",
              "fullTitle": "Test Still Water Monthly confirmationPage",
              "timedOut": null,
              "duration": 775,
              "state": "passed",
              "speed": "fast",
              "pass": true,
              "fail": false,
              "pending": false,
              "context": null,
              "code": "cy.get('#avatar-lily').should('be.visible'); // Picture should be visible\ncy.get('.mat-horizontal-content-container').should('be.visible'); //Checking Confirm Rates\ncy.get('.mat-checkbox-inner-container').click(); //clicking on checkbox\ncy.get('.mat-flat-button').click(); //Clicking on Continue To Payment",
              "err": {},
              "uuid": "50eb684c-924c-4534-a31a-db96e9f4931a",
              "parentUUID": "ddf10a81-0807-49ea-b9c1-40a3e95ffe19",
              "isHook": false,
              "skipped": false
            },
            {
              "title": "PaymentMode",
              "fullTitle": "Test Still Water Monthly PaymentMode",
              "timedOut": null,
              "duration": 2548,
              "state": "passed",
              "speed": "fast",
              "pass": true,
              "fail": false,
              "pending": false,
              "context": null,
              "code": "cy.get('#lbl_monthly_eft').click(); //selecting monthly credit card\ncy.get('.payment_options_wrapper > :nth-child(2)').should('be.visible');\ncy.get('.payment_options_wrapper > :nth-child(3)').should('be.visible');\ncy.get('.payment_options_wrapper > :nth-child(4)').should('be.visible');\ncy.get('.payment_options_wrapper > :nth-child(5)').should('be.visible');\ncy.get('.mat-flat-button').click();",
              "err": {},
              "uuid": "620ac422-f49b-4718-aa51-3240dac59c1d",
              "parentUUID": "ddf10a81-0807-49ea-b9c1-40a3e95ffe19",
              "isHook": false,
              "skipped": false
            },
            {
              "title": "creditCard",
              "fullTitle": "Test Still Water Monthly creditCard",
              "timedOut": null,
              "duration": 2789,
              "state": "passed",
              "speed": "fast",
              "pass": true,
              "fail": false,
              "pending": false,
              "context": null,
              "code": "cy.get('#mat-input-14').type('111111111'); // cc credentials\ncy.get('#mat-input-15').type('111111111111');\ncy.get('.mat-form-field-suffix > .mat-focus-indicator > .mat-button-wrapper > .mat-icon').click();\ncy.get('#mat-input-16').type('111111111111');\ncy.get('.mat-select-placeholder').click();\ncy.get('#mat-option-10 > .mat-option-text').click();\ncy.get('app-eft-bank-info.ng-star-inserted > :nth-child(3)').should('be.visible');\ncy.get('app-eft-bank-info.ng-star-inserted > .pad-bottom').should('be.visible');\ncy.get('.mat-flat-button').click();",
              "err": {},
              "uuid": "64260bb5-ddb1-4fcd-b1ae-7707e116e1a8",
              "parentUUID": "ddf10a81-0807-49ea-b9c1-40a3e95ffe19",
              "isHook": false,
              "skipped": false
            }
          ],
          "suites": [],
          "passes": [
            "80bbe72b-51bb-4884-8df9-ccdfa4f16aaa",
            "d18ad19b-89b0-40c8-80fe-0e820e2b2aec",
            "5c76fdcb-bf26-40f2-9bec-6fcc327d5fc5",
            "4a9c23c6-cad8-4038-acde-9119c610d513",
            "93f7baac-05b1-4ac4-ae25-3c7b4ab5ca42",
            "ec96d5cd-ee78-44e1-b604-f918ca3a3a2f",
            "91e9fb24-e304-434f-ad47-ae50514eef60",
            "8add193c-5701-40bc-8fe2-3c76ec01a169",
            "3c7f8c59-998d-43c2-b784-9b890a54f3cd",
            "50eb684c-924c-4534-a31a-db96e9f4931a",
            "620ac422-f49b-4718-aa51-3240dac59c1d",
            "64260bb5-ddb1-4fcd-b1ae-7707e116e1a8"
          ],
          "failures": [],
          "pending": [],
          "skipped": [],
          "duration": 57777,
          "root": false,
          "rootEmpty": false,
          "_timeout": 2000
        }
      ],
      "passes": [],
      "failures": [],
      "pending": [],
      "skipped": [],
      "duration": 0,
      "root": true,
      "rootEmpty": true,
      "_timeout": 2000
    }
  ],
  "meta": {
    "mocha": {
      "version": "7.0.1"
    },
    "mochawesome": {
      "options": {
        "quiet": false,
        "reportFilename": "mochawesome",
        "saveHtml": false,
        "saveJson": true,
        "consoleReporter": "spec",
        "useInlineDiffs": false,
        "code": true
      },
      "version": "7.0.1"
    },
    "marge": {
      "options": {
        "id": "default",
        "reportDir": "cypress/reports/mocha",
        "quite": true,
        "overwrite": false,
        "html": false,
        "json": true
      },
      "version": "6.0.1"
    }
  }
}