{
  "stats": {
    "suites": 1,
    "tests": 12,
    "passes": 12,
    "pending": 0,
    "failures": 0,
    "start": "2022-01-06T18:25:09.332Z",
    "end": "2022-01-06T18:25:48.402Z",
    "duration": 39070,
    "testsRegistered": 12,
    "passPercent": 100,
    "pendingPercent": 0,
    "other": 0,
    "hasOther": false,
    "skipped": 0,
    "hasSkipped": false
  },
  "results": [
    {
      "uuid": "af48ece1-cc22-4d5b-966c-41adf236a454",
      "title": "",
      "fullFile": "cypress/integration/stillWaterMonthlyEft-spec.js",
      "file": "cypress/integration/stillWaterMonthlyEft-spec.js",
      "beforeHooks": [],
      "afterHooks": [],
      "tests": [],
      "suites": [
        {
          "uuid": "d5795c9f-d827-45d2-a040-07aad0b10345",
          "title": "Test Still Water MonthlyEft",
          "fullFile": "",
          "file": "",
          "beforeHooks": [],
          "afterHooks": [],
          "tests": [
            {
              "title": "Load Website",
              "fullTitle": "Test Still Water MonthlyEft Load Website",
              "timedOut": null,
              "duration": 10689,
              "state": "passed",
              "speed": "slow",
              "pass": true,
              "fail": false,
              "pending": false,
              "context": null,
              "code": "cy.visit('/renters/renter');\ncy.wait(3000);",
              "err": {},
              "uuid": "3395f607-b214-4817-a875-20f64eb1572f",
              "parentUUID": "d5795c9f-d827-45d2-a040-07aad0b10345",
              "isHook": false,
              "skipped": false
            },
            {
              "title": "Assert Data that  should be visible",
              "fullTitle": "Test Still Water MonthlyEft Assert Data that  should be visible",
              "timedOut": null,
              "duration": 162,
              "state": "passed",
              "speed": "fast",
              "pass": true,
              "fail": false,
              "pending": false,
              "context": null,
              "code": "cy.get('#avatar-lily').should('be.visible'); // Picture should be visible\ncy.get('.lily-voice').should('be.visible', this.data.firstPageData); // quote should be visible",
              "err": {},
              "uuid": "7ee730b8-5baf-4771-9f9b-fe602f78b25f",
              "parentUUID": "d5795c9f-d827-45d2-a040-07aad0b10345",
              "isHook": false,
              "skipped": false
            },
            {
              "title": "userInput",
              "fullTitle": "Test Still Water MonthlyEft userInput",
              "timedOut": null,
              "duration": 1886,
              "state": "passed",
              "speed": "fast",
              "pass": true,
              "fail": false,
              "pending": false,
              "context": null,
              "code": "cy.get('#mat-input-0').type(this.data.firstName); //Entering UserName\ncy.get('#mat-input-1').type(this.data.lastName); //Entering LastName\ncy.get('#mat-input-2').type(this.data.DateofBirth); //Entering DateOfBirth\ncy.get('.mat-flat-button').click(); //Clicking On Next Button",
              "err": {},
              "uuid": "7a2ec411-7f3c-4083-a689-3461bf179028",
              "parentUUID": "d5795c9f-d827-45d2-a040-07aad0b10345",
              "isHook": false,
              "skipped": false
            },
            {
              "title": "addressPageForVerification",
              "fullTitle": "Test Still Water MonthlyEft addressPageForVerification",
              "timedOut": null,
              "duration": 5127,
              "state": "passed",
              "speed": "medium",
              "pass": true,
              "fail": false,
              "pending": false,
              "context": null,
              "code": "cy.get('#avatar-lily').should('be.visible'); // Picture should be visible\ncy.get('#mat-input-3').type(this.data.address.address1); //Entering address\ncy.wait(3000);\ncy.get('.pac-item').click(); //Clicked On fetched Address\ncy.get('#mat-input-7').type(this.data.apt);\nfor (let n = 0; n < 3; n++) {\n  cy.get('.mat-flat-button').click();\n} //Clicking On Next Button",
              "err": {},
              "uuid": "0041f6e6-43b9-4555-b3f9-a2d7e8496729",
              "parentUUID": "d5795c9f-d827-45d2-a040-07aad0b10345",
              "isHook": false,
              "skipped": false
            },
            {
              "title": "userCredentials",
              "fullTitle": "Test Still Water MonthlyEft userCredentials",
              "timedOut": null,
              "duration": 3363,
              "state": "passed",
              "speed": "fast",
              "pass": true,
              "fail": false,
              "pending": false,
              "context": null,
              "code": "cy.get('#avatar-lily').should('be.visible'); //Picture should be visible\ncy.get('#mat-input-8').type(this.data.email); // Entering Email\ncy.get('#mat-input-9').type(this.data.phoneNo); //Entering PhoneNo\ncy.get('.mat-flat-button').dblclick(); //Clicking On Next Button",
              "err": {},
              "uuid": "f15aa87a-ca5f-483e-9ac9-d79e6276d390",
              "parentUUID": "d5795c9f-d827-45d2-a040-07aad0b10345",
              "isHook": false,
              "skipped": false
            },
            {
              "title": "personalQuestions",
              "fullTitle": "Test Still Water MonthlyEft personalQuestions",
              "timedOut": null,
              "duration": 1600,
              "state": "passed",
              "speed": "fast",
              "pass": true,
              "fail": false,
              "pending": false,
              "context": null,
              "code": "cy.get('#avatar-lily').should('be.visible'); // Picture should be visible\ncy.get('#mat-radio-4').click(); //Selecting Any Option\ncy.get('.mat-flat-button').click(); //Clicking On Next Button",
              "err": {},
              "uuid": "f41989eb-b7bb-44af-8e7f-e3ea17e8c471",
              "parentUUID": "d5795c9f-d827-45d2-a040-07aad0b10345",
              "isHook": false,
              "skipped": false
            },
            {
              "title": "lets talk business",
              "fullTitle": "Test Still Water MonthlyEft lets talk business",
              "timedOut": null,
              "duration": 627,
              "state": "passed",
              "speed": "fast",
              "pass": true,
              "fail": false,
              "pending": false,
              "context": null,
              "code": "cy.get('#avatar-lily').should('be.visible'); // Picture should be visible\ncy.get('#cdk-step-content-0-4 > .ng-star-inserted > .buttons > :nth-child(1)').contains(\"No\").click(); //Selecting Any Option\ncy.get('.mat-flat-button').click(); //Clicking On Next Button",
              "err": {},
              "uuid": "7542bfbc-5c09-4fba-a52e-916e0a2d553f",
              "parentUUID": "d5795c9f-d827-45d2-a040-07aad0b10345",
              "isHook": false,
              "skipped": false
            },
            {
              "title": "Last question",
              "fullTitle": "Test Still Water MonthlyEft Last question",
              "timedOut": null,
              "duration": 516,
              "state": "passed",
              "speed": "fast",
              "pass": true,
              "fail": false,
              "pending": false,
              "context": null,
              "code": "cy.get('#avatar-lily').should('be.visible'); // Picture should be visible\ncy.get('#cdk-step-content-0-5 > .ng-star-inserted > .buttons > :nth-child(1)').contains(\"No\").click(); //Selecting Any Option\ncy.get('.mat-flat-button').click(); //Clicking On Next Button",
              "err": {},
              "uuid": "911eb662-3233-43d3-9442-ef3b16fb6620",
              "parentUUID": "d5795c9f-d827-45d2-a040-07aad0b10345",
              "isHook": false,
              "skipped": false
            },
            {
              "title": "Offers",
              "fullTitle": "Test Still Water MonthlyEft Offers",
              "timedOut": null,
              "duration": 9118,
              "state": "passed",
              "speed": "medium",
              "pass": true,
              "fail": false,
              "pending": false,
              "context": null,
              "code": "cy.get('#avatar-lily').should('be.visible'); // Picture should be visible\ncy.get('app-coverage-details.ng-star-inserted > div.ng-untouched').should(\"be.visible\"); //Rates Should Be visible\ncy.wait(6000);\ncy.get('.mat-flat-button').click({\n  multiple: true\n}); //Clicking On All Set Button",
              "err": {},
              "uuid": "39d52400-70c8-4367-8874-7450f903f1fa",
              "parentUUID": "d5795c9f-d827-45d2-a040-07aad0b10345",
              "isHook": false,
              "skipped": false
            },
            {
              "title": "confirmationPage",
              "fullTitle": "Test Still Water MonthlyEft confirmationPage",
              "timedOut": null,
              "duration": 840,
              "state": "passed",
              "speed": "fast",
              "pass": true,
              "fail": false,
              "pending": false,
              "context": null,
              "code": "cy.get('#avatar-lily').should('be.visible'); // Picture should be visible\ncy.get('.mat-horizontal-content-container').should('be.visible'); //Checking Confirm Rates\ncy.get('.mat-checkbox-inner-container').click(); //clicking on checkbox\ncy.get('.mat-flat-button').click(); //Clicking on Continue To Payment",
              "err": {},
              "uuid": "0ec68ee0-1190-42eb-96dc-bf253330fef5",
              "parentUUID": "d5795c9f-d827-45d2-a040-07aad0b10345",
              "isHook": false,
              "skipped": false
            },
            {
              "title": "PaymentMode",
              "fullTitle": "Test Still Water MonthlyEft PaymentMode",
              "timedOut": null,
              "duration": 2515,
              "state": "passed",
              "speed": "fast",
              "pass": true,
              "fail": false,
              "pending": false,
              "context": null,
              "code": "cy.get('#lbl_monthly_eft').click(); //click on Monthly EFT Payment\ncy.get('.payment_options_wrapper > :nth-child(2)').should('be.visible');\ncy.get('.payment_options_wrapper > :nth-child(3)').should('be.visible');\ncy.get('.payment_options_wrapper > :nth-child(4)').should('be.visible');\ncy.get('.payment_options_wrapper > :nth-child(5)').should('be.visible'); //Assert Selected Plans\ncy.get('.mat-flat-button').click(); //Clicking on Continue",
              "err": {},
              "uuid": "687c59ff-a994-464f-b325-bcf10761a267",
              "parentUUID": "d5795c9f-d827-45d2-a040-07aad0b10345",
              "isHook": false,
              "skipped": false
            },
            {
              "title": "creditCard",
              "fullTitle": "Test Still Water MonthlyEft creditCard",
              "timedOut": null,
              "duration": 2216,
              "state": "passed",
              "speed": "fast",
              "pass": true,
              "fail": false,
              "pending": false,
              "context": null,
              "code": "//Entering Account Details\ncy.get('#mat-input-14').type('111111111');\ncy.get('#mat-input-15').type('111111111111');\ncy.get('.mat-form-field-suffix > .mat-focus-indicator > .mat-button-wrapper > .mat-icon').click();\ncy.get('#mat-input-16').type('111111111111');\ncy.get('.mat-select-placeholder').click();\ncy.get('#mat-option-10 > .mat-option-text').click();\ncy.get('app-eft-bank-info.ng-star-inserted > :nth-child(3)').should('be.visible');\ncy.get('app-eft-bank-info.ng-star-inserted > .pad-bottom').should('be.visible');\ncy.get('.mat-flat-button').click(); //Clicking On Make Purchase",
              "err": {},
              "uuid": "57a930b4-0fd5-4858-8514-51c4505b4d05",
              "parentUUID": "d5795c9f-d827-45d2-a040-07aad0b10345",
              "isHook": false,
              "skipped": false
            }
          ],
          "suites": [],
          "passes": [
            "3395f607-b214-4817-a875-20f64eb1572f",
            "7ee730b8-5baf-4771-9f9b-fe602f78b25f",
            "7a2ec411-7f3c-4083-a689-3461bf179028",
            "0041f6e6-43b9-4555-b3f9-a2d7e8496729",
            "f15aa87a-ca5f-483e-9ac9-d79e6276d390",
            "f41989eb-b7bb-44af-8e7f-e3ea17e8c471",
            "7542bfbc-5c09-4fba-a52e-916e0a2d553f",
            "911eb662-3233-43d3-9442-ef3b16fb6620",
            "39d52400-70c8-4367-8874-7450f903f1fa",
            "0ec68ee0-1190-42eb-96dc-bf253330fef5",
            "687c59ff-a994-464f-b325-bcf10761a267",
            "57a930b4-0fd5-4858-8514-51c4505b4d05"
          ],
          "failures": [],
          "pending": [],
          "skipped": [],
          "duration": 38659,
          "root": false,
          "rootEmpty": false,
          "_timeout": 2000
        }
      ],
      "passes": [],
      "failures": [],
      "pending": [],
      "skipped": [],
      "duration": 0,
      "root": true,
      "rootEmpty": true,
      "_timeout": 2000
    }
  ],
  "meta": {
    "mocha": {
      "version": "7.0.1"
    },
    "mochawesome": {
      "options": {
        "quiet": false,
        "reportFilename": "mochawesome",
        "saveHtml": false,
        "saveJson": true,
        "consoleReporter": "spec",
        "useInlineDiffs": false,
        "code": true
      },
      "version": "7.0.1"
    },
    "marge": {
      "options": {
        "id": "default",
        "reportDir": "cypress/reports/mocha",
        "quite": true,
        "overwrite": false,
        "html": false,
        "json": true
      },
      "version": "6.0.1"
    }
  }
}