{
  "stats": {
    "suites": 1,
    "tests": 12,
    "passes": 12,
    "pending": 0,
    "failures": 0,
    "start": "2022-01-06T18:41:20.993Z",
    "end": "2022-01-06T18:42:17.544Z",
    "duration": 56551,
    "testsRegistered": 12,
    "passPercent": 100,
    "pendingPercent": 0,
    "other": 0,
    "hasOther": false,
    "skipped": 0,
    "hasSkipped": false
  },
  "results": [
    {
      "uuid": "45e90333-4403-401b-9d44-d1583c924b3b",
      "title": "",
      "fullFile": "cypress/integration/stillWaterMonthlyEft-spec.js",
      "file": "cypress/integration/stillWaterMonthlyEft-spec.js",
      "beforeHooks": [],
      "afterHooks": [],
      "tests": [],
      "suites": [
        {
          "uuid": "e3c0fa8d-89dc-4731-9eea-4e3170b0e4bd",
          "title": "Test Still Water MonthlyEft",
          "fullFile": "",
          "file": "",
          "beforeHooks": [],
          "afterHooks": [],
          "tests": [
            {
              "title": "Load Website",
              "fullTitle": "Test Still Water MonthlyEft Load Website",
              "timedOut": null,
              "duration": 16780,
              "state": "passed",
              "speed": "slow",
              "pass": true,
              "fail": false,
              "pending": false,
              "context": null,
              "code": "cy.visit('/renters/renter');\ncy.wait(3000);",
              "err": {},
              "uuid": "a1d97582-ae0f-4147-8df1-4233d9fbfb4c",
              "parentUUID": "e3c0fa8d-89dc-4731-9eea-4e3170b0e4bd",
              "isHook": false,
              "skipped": false
            },
            {
              "title": "Assert Data that  should be visible",
              "fullTitle": "Test Still Water MonthlyEft Assert Data that  should be visible",
              "timedOut": null,
              "duration": 169,
              "state": "passed",
              "speed": "fast",
              "pass": true,
              "fail": false,
              "pending": false,
              "context": null,
              "code": "cy.get('#avatar-lily').should('be.visible'); // Picture should be visible\ncy.get('.lily-voice').should('be.visible', this.data.firstPageData); // quote should be visible",
              "err": {},
              "uuid": "f277a3e4-c2c1-42cc-a1d2-5ada40d0ba6c",
              "parentUUID": "e3c0fa8d-89dc-4731-9eea-4e3170b0e4bd",
              "isHook": false,
              "skipped": false
            },
            {
              "title": "userInput",
              "fullTitle": "Test Still Water MonthlyEft userInput",
              "timedOut": null,
              "duration": 5878,
              "state": "passed",
              "speed": "medium",
              "pass": true,
              "fail": false,
              "pending": false,
              "context": null,
              "code": "cy.get('#mat-input-0').type(this.data.firstName); //Entering UserName\ncy.get('#mat-input-1').type(this.data.lastName); //Entering LastName\ncy.get('#mat-input-2').type(this.data.DateofBirth); //Entering DateOfBirth\ncy.get('.mat-flat-button').click(); //Clicking On Next Button",
              "err": {},
              "uuid": "76002b6b-d523-4ed7-a9ca-72f6969a10e8",
              "parentUUID": "e3c0fa8d-89dc-4731-9eea-4e3170b0e4bd",
              "isHook": false,
              "skipped": false
            },
            {
              "title": "addressPageForVerification",
              "fullTitle": "Test Still Water MonthlyEft addressPageForVerification",
              "timedOut": null,
              "duration": 8720,
              "state": "passed",
              "speed": "medium",
              "pass": true,
              "fail": false,
              "pending": false,
              "context": null,
              "code": "cy.get('#avatar-lily').should('be.visible'); // Picture should be visible\ncy.get('#mat-input-3').type(this.data.address.address1); //Entering address\ncy.wait(3000);\ncy.get('.pac-item').click(); //Clicked On fetched Address\ncy.get('#mat-input-7').type(this.data.apt);\nfor (let n = 0; n < 3; n++) {\n  cy.get('.mat-flat-button').click();\n} //Clicking On Next Button",
              "err": {},
              "uuid": "08fea265-af7f-4cf9-afac-a4356f31fc8c",
              "parentUUID": "e3c0fa8d-89dc-4731-9eea-4e3170b0e4bd",
              "isHook": false,
              "skipped": false
            },
            {
              "title": "userCredentials",
              "fullTitle": "Test Still Water MonthlyEft userCredentials",
              "timedOut": null,
              "duration": 5769,
              "state": "passed",
              "speed": "medium",
              "pass": true,
              "fail": false,
              "pending": false,
              "context": null,
              "code": "cy.get('#avatar-lily').should('be.visible'); //Picture should be visible\ncy.get('#mat-input-8').type(this.data.email); // Entering Email\ncy.get('#mat-input-9').type(this.data.phoneNo); //Entering PhoneNo\ncy.get('.mat-flat-button').dblclick(); //Clicking On Next Button",
              "err": {},
              "uuid": "35487d5c-372e-46ba-8658-2273b23a6bb4",
              "parentUUID": "e3c0fa8d-89dc-4731-9eea-4e3170b0e4bd",
              "isHook": false,
              "skipped": false
            },
            {
              "title": "personalQuestions",
              "fullTitle": "Test Still Water MonthlyEft personalQuestions",
              "timedOut": null,
              "duration": 1923,
              "state": "passed",
              "speed": "fast",
              "pass": true,
              "fail": false,
              "pending": false,
              "context": null,
              "code": "cy.get('#avatar-lily').should('be.visible'); // Picture should be visible\ncy.get('#mat-radio-4').click(); //Selecting Any Option\ncy.get('.mat-flat-button').click(); //Clicking On Next Button",
              "err": {},
              "uuid": "8e43d72b-d3e0-48e0-aa50-87631fca4943",
              "parentUUID": "e3c0fa8d-89dc-4731-9eea-4e3170b0e4bd",
              "isHook": false,
              "skipped": false
            },
            {
              "title": "lets talk business",
              "fullTitle": "Test Still Water MonthlyEft lets talk business",
              "timedOut": null,
              "duration": 1310,
              "state": "passed",
              "speed": "fast",
              "pass": true,
              "fail": false,
              "pending": false,
              "context": null,
              "code": "cy.get('#avatar-lily').should('be.visible'); // Picture should be visible\ncy.get('#cdk-step-content-0-4 > .ng-star-inserted > .buttons > :nth-child(1)').contains(\"No\").click(); //Selecting Any Option\ncy.get('.mat-flat-button').click(); //Clicking On Next Button",
              "err": {},
              "uuid": "404cbdb4-a0db-4183-a3f7-a8845404a0f4",
              "parentUUID": "e3c0fa8d-89dc-4731-9eea-4e3170b0e4bd",
              "isHook": false,
              "skipped": false
            },
            {
              "title": "Last question",
              "fullTitle": "Test Still Water MonthlyEft Last question",
              "timedOut": null,
              "duration": 1017,
              "state": "passed",
              "speed": "fast",
              "pass": true,
              "fail": false,
              "pending": false,
              "context": null,
              "code": "cy.get('#avatar-lily').should('be.visible'); // Picture should be visible\ncy.get('#cdk-step-content-0-5 > .ng-star-inserted > .buttons > :nth-child(1)').contains(\"No\").click(); //Selecting Any Option\ncy.get('.mat-flat-button').click(); //Clicking On Next Button",
              "err": {},
              "uuid": "124bc3cd-ed43-4f48-aabd-f8e1fb05708a",
              "parentUUID": "e3c0fa8d-89dc-4731-9eea-4e3170b0e4bd",
              "isHook": false,
              "skipped": false
            },
            {
              "title": "Offers",
              "fullTitle": "Test Still Water MonthlyEft Offers",
              "timedOut": null,
              "duration": 9487,
              "state": "passed",
              "speed": "medium",
              "pass": true,
              "fail": false,
              "pending": false,
              "context": null,
              "code": "cy.get('#avatar-lily').should('be.visible'); // Picture should be visible\ncy.get('app-coverage-details.ng-star-inserted > div.ng-untouched').should(\"be.visible\"); //Rates Should Be visible\ncy.wait(6000);\ncy.get('.mat-flat-button').click({\n  multiple: true\n}); //Clicking On All Set Button",
              "err": {},
              "uuid": "827df893-aa90-468d-a4ee-7b8ed4fc860e",
              "parentUUID": "e3c0fa8d-89dc-4731-9eea-4e3170b0e4bd",
              "isHook": false,
              "skipped": false
            },
            {
              "title": "confirmationPage",
              "fullTitle": "Test Still Water MonthlyEft confirmationPage",
              "timedOut": null,
              "duration": 681,
              "state": "passed",
              "speed": "fast",
              "pass": true,
              "fail": false,
              "pending": false,
              "context": null,
              "code": "cy.get('#avatar-lily').should('be.visible'); // Picture should be visible\ncy.get('.mat-horizontal-content-container').should('be.visible'); //Checking Confirm Rates\ncy.get('.mat-checkbox-inner-container').click(); //clicking on checkbox\ncy.get('.mat-flat-button').click(); //Clicking on Continue To Payment",
              "err": {},
              "uuid": "4775be0f-95fd-485b-a7a4-99f588f54260",
              "parentUUID": "e3c0fa8d-89dc-4731-9eea-4e3170b0e4bd",
              "isHook": false,
              "skipped": false
            },
            {
              "title": "PaymentMode",
              "fullTitle": "Test Still Water MonthlyEft PaymentMode",
              "timedOut": null,
              "duration": 2264,
              "state": "passed",
              "speed": "fast",
              "pass": true,
              "fail": false,
              "pending": false,
              "context": null,
              "code": "cy.get('#lbl_monthly_eft').click(); //click on Monthly EFT Payment\ncy.get('.payment_options_wrapper > :nth-child(2)').should('be.visible');\ncy.get('.payment_options_wrapper > :nth-child(3)').should('be.visible');\ncy.get('.payment_options_wrapper > :nth-child(4)').should('be.visible');\ncy.get('.payment_options_wrapper > :nth-child(5)').should('be.visible'); //Assert Selected Plans\ncy.get('.mat-flat-button').click(); //Clicking on Continue",
              "err": {},
              "uuid": "e1de6aec-6d41-4d8c-8c80-793e04c37e77",
              "parentUUID": "e3c0fa8d-89dc-4731-9eea-4e3170b0e4bd",
              "isHook": false,
              "skipped": false
            },
            {
              "title": "creditCard",
              "fullTitle": "Test Still Water MonthlyEft creditCard",
              "timedOut": null,
              "duration": 2007,
              "state": "passed",
              "speed": "fast",
              "pass": true,
              "fail": false,
              "pending": false,
              "context": null,
              "code": "//Entering Account Details\ncy.get('#mat-input-14').type('111111111');\ncy.get('#mat-input-15').type('111111111111');\ncy.get('.mat-form-field-suffix > .mat-focus-indicator > .mat-button-wrapper > .mat-icon').click();\ncy.get('#mat-input-16').type('111111111111');\ncy.get('.mat-select-placeholder').click();\ncy.get('#mat-option-10 > .mat-option-text').click();\ncy.get('app-eft-bank-info.ng-star-inserted > :nth-child(3)').should('be.visible');\ncy.get('app-eft-bank-info.ng-star-inserted > .pad-bottom').should('be.visible');\ncy.get('.mat-flat-button').click(); //Clicking On Make Purchase",
              "err": {},
              "uuid": "4c377fdd-f3c2-4b8f-b25b-d669e4b0c692",
              "parentUUID": "e3c0fa8d-89dc-4731-9eea-4e3170b0e4bd",
              "isHook": false,
              "skipped": false
            }
          ],
          "suites": [],
          "passes": [
            "a1d97582-ae0f-4147-8df1-4233d9fbfb4c",
            "f277a3e4-c2c1-42cc-a1d2-5ada40d0ba6c",
            "76002b6b-d523-4ed7-a9ca-72f6969a10e8",
            "08fea265-af7f-4cf9-afac-a4356f31fc8c",
            "35487d5c-372e-46ba-8658-2273b23a6bb4",
            "8e43d72b-d3e0-48e0-aa50-87631fca4943",
            "404cbdb4-a0db-4183-a3f7-a8845404a0f4",
            "124bc3cd-ed43-4f48-aabd-f8e1fb05708a",
            "827df893-aa90-468d-a4ee-7b8ed4fc860e",
            "4775be0f-95fd-485b-a7a4-99f588f54260",
            "e1de6aec-6d41-4d8c-8c80-793e04c37e77",
            "4c377fdd-f3c2-4b8f-b25b-d669e4b0c692"
          ],
          "failures": [],
          "pending": [],
          "skipped": [],
          "duration": 56005,
          "root": false,
          "rootEmpty": false,
          "_timeout": 2000
        }
      ],
      "passes": [],
      "failures": [],
      "pending": [],
      "skipped": [],
      "duration": 0,
      "root": true,
      "rootEmpty": true,
      "_timeout": 2000
    }
  ],
  "meta": {
    "mocha": {
      "version": "7.0.1"
    },
    "mochawesome": {
      "options": {
        "quiet": false,
        "reportFilename": "mochawesome",
        "saveHtml": false,
        "saveJson": true,
        "consoleReporter": "spec",
        "useInlineDiffs": false,
        "code": true
      },
      "version": "7.0.1"
    },
    "marge": {
      "options": {
        "id": "default",
        "reportDir": "cypress/reports/mocha",
        "quite": true,
        "overwrite": false,
        "html": false,
        "json": true
      },
      "version": "6.0.1"
    }
  }
}