{
  "stats": {
    "suites": 1,
    "tests": 12,
    "passes": 12,
    "pending": 0,
    "failures": 0,
    "start": "2022-01-11T09:12:16.291Z",
    "end": "2022-01-11T09:12:55.352Z",
    "duration": 39061,
    "testsRegistered": 12,
    "passPercent": 100,
    "pendingPercent": 0,
    "other": 0,
    "hasOther": false,
    "skipped": 0,
    "hasSkipped": false
  },
  "results": [
    {
      "uuid": "5cb5979a-38e5-4212-bc23-10702b799897",
      "title": "",
      "fullFile": "cypress/integration/stillWaterMonthlyEft-spec.js",
      "file": "cypress/integration/stillWaterMonthlyEft-spec.js",
      "beforeHooks": [],
      "afterHooks": [],
      "tests": [],
      "suites": [
        {
          "uuid": "64bf5ac5-dffa-44a8-88fa-54d6080345d1",
          "title": "Test Still Water MonthlyEft",
          "fullFile": "",
          "file": "",
          "beforeHooks": [],
          "afterHooks": [],
          "tests": [
            {
              "title": "Load Website",
              "fullTitle": "Test Still Water MonthlyEft Load Website",
              "timedOut": null,
              "duration": 9177,
              "state": "passed",
              "speed": "medium",
              "pass": true,
              "fail": false,
              "pending": false,
              "context": null,
              "code": "cy.visit('/renters/renter');\ncy.wait(3000);",
              "err": {},
              "uuid": "bf756d50-056e-435e-93a1-f233c36e2631",
              "parentUUID": "64bf5ac5-dffa-44a8-88fa-54d6080345d1",
              "isHook": false,
              "skipped": false
            },
            {
              "title": "Assert Data that  should be visible",
              "fullTitle": "Test Still Water MonthlyEft Assert Data that  should be visible",
              "timedOut": null,
              "duration": 100,
              "state": "passed",
              "speed": "fast",
              "pass": true,
              "fail": false,
              "pending": false,
              "context": null,
              "code": "cy.get('#avatar-lily').should('be.visible'); // Picture should be visible\ncy.get('.lily-voice').should('be.visible', this.data.firstPageData); // quote should be visible",
              "err": {},
              "uuid": "11d5fcb3-8382-479f-a3d4-77e1a46c5a36",
              "parentUUID": "64bf5ac5-dffa-44a8-88fa-54d6080345d1",
              "isHook": false,
              "skipped": false
            },
            {
              "title": "userInput",
              "fullTitle": "Test Still Water MonthlyEft userInput",
              "timedOut": null,
              "duration": 1348,
              "state": "passed",
              "speed": "fast",
              "pass": true,
              "fail": false,
              "pending": false,
              "context": null,
              "code": "cy.get('#mat-input-0').type(this.data.firstName); //Entering UserName\ncy.get('#mat-input-1').type(this.data.lastName); //Entering LastName\ncy.get('#mat-input-2').type(this.data.DateofBirth); //Entering DateOfBirth\ncy.get('.mat-flat-button').click(); //Clicking On Next Button",
              "err": {},
              "uuid": "ff5116e4-72e4-4c0e-932b-88122ef5e586",
              "parentUUID": "64bf5ac5-dffa-44a8-88fa-54d6080345d1",
              "isHook": false,
              "skipped": false
            },
            {
              "title": "addressPageForVerification",
              "fullTitle": "Test Still Water MonthlyEft addressPageForVerification",
              "timedOut": null,
              "duration": 7848,
              "state": "passed",
              "speed": "medium",
              "pass": true,
              "fail": false,
              "pending": false,
              "context": null,
              "code": "cy.get('#avatar-lily').should('be.visible'); // Picture should be visible\ncy.get('#mat-input-3').type(this.data.address.address1); //Entering address\ncy.wait(3000);\ncy.get('.pac-item').click(); //Clicked On fetched Address\ncy.get('#mat-input-7').type(this.data.apt);\nfor (let n = 0; n < 3; n++) {\n  cy.get('.mat-flat-button').click();\n} //Clicking On Next Button",
              "err": {},
              "uuid": "0724d724-dd31-41f9-b123-1dc43250641a",
              "parentUUID": "64bf5ac5-dffa-44a8-88fa-54d6080345d1",
              "isHook": false,
              "skipped": false
            },
            {
              "title": "userCredentials",
              "fullTitle": "Test Still Water MonthlyEft userCredentials",
              "timedOut": null,
              "duration": 1328,
              "state": "passed",
              "speed": "fast",
              "pass": true,
              "fail": false,
              "pending": false,
              "context": null,
              "code": "cy.get('#avatar-lily').should('be.visible'); //Picture should be visible\ncy.get('#mat-input-8').type(this.data.email); // Entering Email\ncy.get('#mat-input-9').type(this.data.phoneNo); //Entering PhoneNo\ncy.get('.mat-flat-button').dblclick(); //Clicking On Next Button",
              "err": {},
              "uuid": "07f48ea1-0937-4617-80a2-bc14dff7c378",
              "parentUUID": "64bf5ac5-dffa-44a8-88fa-54d6080345d1",
              "isHook": false,
              "skipped": false
            },
            {
              "title": "personalQuestions",
              "fullTitle": "Test Still Water MonthlyEft personalQuestions",
              "timedOut": null,
              "duration": 1070,
              "state": "passed",
              "speed": "fast",
              "pass": true,
              "fail": false,
              "pending": false,
              "context": null,
              "code": "cy.get('#avatar-lily').should('be.visible'); // Picture should be visible\ncy.get('#mat-radio-4').click(); //Selecting Any Option\ncy.get('.mat-flat-button').click(); //Clicking On Next Button",
              "err": {},
              "uuid": "63219337-1435-4408-8980-dac226dbbaea",
              "parentUUID": "64bf5ac5-dffa-44a8-88fa-54d6080345d1",
              "isHook": false,
              "skipped": false
            },
            {
              "title": "lets talk business",
              "fullTitle": "Test Still Water MonthlyEft lets talk business",
              "timedOut": null,
              "duration": 565,
              "state": "passed",
              "speed": "fast",
              "pass": true,
              "fail": false,
              "pending": false,
              "context": null,
              "code": "cy.get('#avatar-lily').should('be.visible'); // Picture should be visible\ncy.get('#cdk-step-content-0-4 > .ng-star-inserted > .buttons > :nth-child(1)').contains(\"No\").click(); //Selecting Any Option\ncy.get('.mat-flat-button').click(); //Clicking On Next Button",
              "err": {},
              "uuid": "1ec53992-1a8a-48e0-88d9-85a875a84f3f",
              "parentUUID": "64bf5ac5-dffa-44a8-88fa-54d6080345d1",
              "isHook": false,
              "skipped": false
            },
            {
              "title": "Last question",
              "fullTitle": "Test Still Water MonthlyEft Last question",
              "timedOut": null,
              "duration": 582,
              "state": "passed",
              "speed": "fast",
              "pass": true,
              "fail": false,
              "pending": false,
              "context": null,
              "code": "cy.get('#avatar-lily').should('be.visible'); // Picture should be visible\ncy.get('#cdk-step-content-0-5 > .ng-star-inserted > .buttons > :nth-child(1)').contains(\"No\").click(); //Selecting Any Option\ncy.get('.mat-flat-button').click(); //Clicking On Next Button",
              "err": {},
              "uuid": "ae18d7a1-3186-4302-98dc-4a7e27fa3189",
              "parentUUID": "64bf5ac5-dffa-44a8-88fa-54d6080345d1",
              "isHook": false,
              "skipped": false
            },
            {
              "title": "Offers",
              "fullTitle": "Test Still Water MonthlyEft Offers",
              "timedOut": null,
              "duration": 10400,
              "state": "passed",
              "speed": "slow",
              "pass": true,
              "fail": false,
              "pending": false,
              "context": null,
              "code": "cy.get('#avatar-lily').should('be.visible'); // Picture should be visible\ncy.get('app-coverage-details.ng-star-inserted > div.ng-untouched').should(\"be.visible\"); //Rates Should Be visible\ncy.wait(6000);\ncy.get('.mat-flat-button').click({\n  multiple: true\n}); //Clicking On All Set Button",
              "err": {},
              "uuid": "f360e891-25aa-4eea-8d82-dfd5747367c0",
              "parentUUID": "64bf5ac5-dffa-44a8-88fa-54d6080345d1",
              "isHook": false,
              "skipped": false
            },
            {
              "title": "confirmationPage",
              "fullTitle": "Test Still Water MonthlyEft confirmationPage",
              "timedOut": null,
              "duration": 723,
              "state": "passed",
              "speed": "fast",
              "pass": true,
              "fail": false,
              "pending": false,
              "context": null,
              "code": "cy.get('#avatar-lily').should('be.visible'); // Picture should be visible\ncy.get('.mat-horizontal-content-container').should('be.visible'); //Checking Confirm Rates\ncy.get('.mat-checkbox-inner-container').click(); //clicking on checkbox\ncy.get('.mat-flat-button').click(); //Clicking on Continue To Payment",
              "err": {},
              "uuid": "c0e02d34-89c4-4ac2-b345-1e444ed15146",
              "parentUUID": "64bf5ac5-dffa-44a8-88fa-54d6080345d1",
              "isHook": false,
              "skipped": false
            },
            {
              "title": "PaymentMode",
              "fullTitle": "Test Still Water MonthlyEft PaymentMode",
              "timedOut": null,
              "duration": 2491,
              "state": "passed",
              "speed": "fast",
              "pass": true,
              "fail": false,
              "pending": false,
              "context": null,
              "code": "cy.get('#lbl_monthly_eft').click(); //click on Monthly EFT Payment\ncy.get('.payment_options_wrapper > :nth-child(2)').should('be.visible');\ncy.get('.payment_options_wrapper > :nth-child(3)').should('be.visible');\ncy.get('.payment_options_wrapper > :nth-child(4)').should('be.visible');\ncy.get('.payment_options_wrapper > :nth-child(5)').should('be.visible'); //Assert Selected Plans\ncy.get('.mat-flat-button').click(); //Clicking on Continue",
              "err": {},
              "uuid": "a317437b-e66d-4d15-aee6-9fdf8ec1a384",
              "parentUUID": "64bf5ac5-dffa-44a8-88fa-54d6080345d1",
              "isHook": false,
              "skipped": false
            },
            {
              "title": "creditCard",
              "fullTitle": "Test Still Water MonthlyEft creditCard",
              "timedOut": null,
              "duration": 3131,
              "state": "passed",
              "speed": "fast",
              "pass": true,
              "fail": false,
              "pending": false,
              "context": null,
              "code": "//Entering Account Details\ncy.get('#mat-input-14').type('111111111');\ncy.get('#mat-input-15').type('111111111111');\ncy.get('.mat-form-field-suffix > .mat-focus-indicator > .mat-button-wrapper > .mat-icon').click();\ncy.get('#mat-input-16').type('111111111111');\ncy.get('.mat-select-placeholder').click();\ncy.get('#mat-option-10 > .mat-option-text').click();\ncy.get('app-eft-bank-info.ng-star-inserted > :nth-child(3)').should('be.visible');\ncy.get('app-eft-bank-info.ng-star-inserted > .pad-bottom').should('be.visible');\ncy.get('.mat-flat-button').click(); //Clicking On Make Purchase",
              "err": {},
              "uuid": "71186d57-4b48-4f27-8090-15094d258570",
              "parentUUID": "64bf5ac5-dffa-44a8-88fa-54d6080345d1",
              "isHook": false,
              "skipped": false
            }
          ],
          "suites": [],
          "passes": [
            "bf756d50-056e-435e-93a1-f233c36e2631",
            "11d5fcb3-8382-479f-a3d4-77e1a46c5a36",
            "ff5116e4-72e4-4c0e-932b-88122ef5e586",
            "0724d724-dd31-41f9-b123-1dc43250641a",
            "07f48ea1-0937-4617-80a2-bc14dff7c378",
            "63219337-1435-4408-8980-dac226dbbaea",
            "1ec53992-1a8a-48e0-88d9-85a875a84f3f",
            "ae18d7a1-3186-4302-98dc-4a7e27fa3189",
            "f360e891-25aa-4eea-8d82-dfd5747367c0",
            "c0e02d34-89c4-4ac2-b345-1e444ed15146",
            "a317437b-e66d-4d15-aee6-9fdf8ec1a384",
            "71186d57-4b48-4f27-8090-15094d258570"
          ],
          "failures": [],
          "pending": [],
          "skipped": [],
          "duration": 38763,
          "root": false,
          "rootEmpty": false,
          "_timeout": 2000
        }
      ],
      "passes": [],
      "failures": [],
      "pending": [],
      "skipped": [],
      "duration": 0,
      "root": true,
      "rootEmpty": true,
      "_timeout": 2000
    }
  ],
  "meta": {
    "mocha": {
      "version": "7.0.1"
    },
    "mochawesome": {
      "options": {
        "quiet": false,
        "reportFilename": "mochawesome",
        "saveHtml": false,
        "saveJson": true,
        "consoleReporter": "spec",
        "useInlineDiffs": false,
        "code": true
      },
      "version": "7.0.1"
    },
    "marge": {
      "options": {
        "id": "default",
        "reportDir": "cypress/reports/mocha",
        "quite": true,
        "overwrite": false,
        "html": false,
        "json": true
      },
      "version": "6.0.1"
    }
  }
}