{
  "stats": {
    "suites": 1,
    "tests": 11,
    "passes": 11,
    "pending": 0,
    "failures": 0,
    "start": "2022-01-06T18:22:50.804Z",
    "end": "2022-01-06T18:23:55.030Z",
    "duration": 64226,
    "testsRegistered": 11,
    "passPercent": 100,
    "pendingPercent": 0,
    "other": 0,
    "hasOther": false,
    "skipped": 0,
    "hasSkipped": false
  },
  "results": [
    {
      "uuid": "5c186bd4-7998-4020-89ca-4f57f00a6a52",
      "title": "",
      "fullFile": "cypress/integration/stillWaterAnnual-spec.js",
      "file": "cypress/integration/stillWaterAnnual-spec.js",
      "beforeHooks": [],
      "afterHooks": [],
      "tests": [],
      "suites": [
        {
          "uuid": "3f57f309-08e9-4f61-aa4c-4191efd534d8",
          "title": "Test Still Water Annual",
          "fullFile": "",
          "file": "",
          "beforeHooks": [],
          "afterHooks": [],
          "tests": [
            {
              "title": "Load Website",
              "fullTitle": "Test Still Water Annual Load Website",
              "timedOut": null,
              "duration": 21791,
              "state": "passed",
              "speed": "slow",
              "pass": true,
              "fail": false,
              "pending": false,
              "context": null,
              "code": "cy.visit('/renters/renter');\ncy.wait(3000);",
              "err": {},
              "uuid": "abcf0a12-ad51-4327-a779-1ea55dacdbc3",
              "parentUUID": "3f57f309-08e9-4f61-aa4c-4191efd534d8",
              "isHook": false,
              "skipped": false
            },
            {
              "title": "Assert Data that  should be visible",
              "fullTitle": "Test Still Water Annual Assert Data that  should be visible",
              "timedOut": null,
              "duration": 178,
              "state": "passed",
              "speed": "fast",
              "pass": true,
              "fail": false,
              "pending": false,
              "context": null,
              "code": "cy.get('#avatar-lily').should('be.visible'); // Picture should be visible\ncy.get('.lily-voice').should('be.visible', this.data.firstPageData); // quote should be visible",
              "err": {},
              "uuid": "ea254208-f7aa-44d3-af07-f2cff66e9b7b",
              "parentUUID": "3f57f309-08e9-4f61-aa4c-4191efd534d8",
              "isHook": false,
              "skipped": false
            },
            {
              "title": "userInput",
              "fullTitle": "Test Still Water Annual userInput",
              "timedOut": null,
              "duration": 10160,
              "state": "passed",
              "speed": "slow",
              "pass": true,
              "fail": false,
              "pending": false,
              "context": null,
              "code": "cy.get('#mat-input-0').type(this.data.firstName); //Entering UserName\ncy.get('#mat-input-1').type(this.data.lastName); //Entering LastName\ncy.get('#mat-input-2').type(this.data.DateofBirth); //Entering DateOfBirth\ncy.get('.mat-flat-button').click();",
              "err": {},
              "uuid": "8a55b350-424c-46a9-ae52-0ae585b7a187",
              "parentUUID": "3f57f309-08e9-4f61-aa4c-4191efd534d8",
              "isHook": false,
              "skipped": false
            },
            {
              "title": "addressPageForVerification",
              "fullTitle": "Test Still Water Annual addressPageForVerification",
              "timedOut": null,
              "duration": 7730,
              "state": "passed",
              "speed": "medium",
              "pass": true,
              "fail": false,
              "pending": false,
              "context": null,
              "code": "cy.get('#avatar-lily').should('be.visible'); // Picture should be visible\ncy.get('#mat-input-3').type(this.data.address.address1); //Entering address\ncy.wait(3000);\ncy.get('.pac-item').click(); //Clicked On fetched Address\ncy.get('#mat-input-7').type(this.data.apt); // cy.get('.mat-flat-button').dblclick({ multiple: true });\nfor (let n = 0; n < 3; n++) {\n  cy.get('.mat-flat-button').click(); //Clicking On Next Button\n}",
              "err": {},
              "uuid": "f15c0338-0a32-4b74-83bb-7be7ed1a8a53",
              "parentUUID": "3f57f309-08e9-4f61-aa4c-4191efd534d8",
              "isHook": false,
              "skipped": false
            },
            {
              "title": "userCredentials",
              "fullTitle": "Test Still Water Annual userCredentials",
              "timedOut": null,
              "duration": 1382,
              "state": "passed",
              "speed": "fast",
              "pass": true,
              "fail": false,
              "pending": false,
              "context": null,
              "code": "cy.get('#avatar-lily').should('be.visible'); //Picture should be visible\ncy.get('#mat-input-8').type(this.data.email); // Entering Email\ncy.get('#mat-input-9').type(this.data.phoneNo); //Entering PhoneNo\ncy.get('.mat-flat-button').click(); //Clicking On Next Button",
              "err": {},
              "uuid": "7ebcc27e-abcd-48d9-bda1-f321bffdb18c",
              "parentUUID": "3f57f309-08e9-4f61-aa4c-4191efd534d8",
              "isHook": false,
              "skipped": false
            },
            {
              "title": "personalQuestions",
              "fullTitle": "Test Still Water Annual personalQuestions",
              "timedOut": null,
              "duration": 1814,
              "state": "passed",
              "speed": "fast",
              "pass": true,
              "fail": false,
              "pending": false,
              "context": null,
              "code": "cy.get('#avatar-lily').should('be.visible'); // Picture should be visible\ncy.get('#mat-radio-4').click(); //Selecting Any Option\ncy.get('.mat-flat-button').click(); //Clicking On Next Button",
              "err": {},
              "uuid": "ff8d2cc4-029a-48d7-ac26-6521da640921",
              "parentUUID": "3f57f309-08e9-4f61-aa4c-4191efd534d8",
              "isHook": false,
              "skipped": false
            },
            {
              "title": "lets talk business",
              "fullTitle": "Test Still Water Annual lets talk business",
              "timedOut": null,
              "duration": 697,
              "state": "passed",
              "speed": "fast",
              "pass": true,
              "fail": false,
              "pending": false,
              "context": null,
              "code": "cy.get('#avatar-lily').should('be.visible'); // Picture should be visible\ncy.get('#cdk-step-content-0-4 > .ng-star-inserted > .buttons > :nth-child(1)').contains(\"No\").click(); //Selecting Any Option\ncy.get('.mat-flat-button').click(); //Clicking On Next Button",
              "err": {},
              "uuid": "aa42c45c-e7c2-430d-9457-842bd97e71e9",
              "parentUUID": "3f57f309-08e9-4f61-aa4c-4191efd534d8",
              "isHook": false,
              "skipped": false
            },
            {
              "title": "Last question",
              "fullTitle": "Test Still Water Annual Last question",
              "timedOut": null,
              "duration": 651,
              "state": "passed",
              "speed": "fast",
              "pass": true,
              "fail": false,
              "pending": false,
              "context": null,
              "code": "cy.get('#avatar-lily').should('be.visible');\ncy.get('#cdk-step-content-0-5 > .ng-star-inserted > .buttons > :nth-child(1)').contains(\"No\").click(); //Selecting Any Option\ncy.get('.mat-flat-button').click(); //Clicking On Next Button",
              "err": {},
              "uuid": "fcb7a7b6-18af-47e3-bd1a-d0535a05eedb",
              "parentUUID": "3f57f309-08e9-4f61-aa4c-4191efd534d8",
              "isHook": false,
              "skipped": false
            },
            {
              "title": "Offers",
              "fullTitle": "Test Still Water Annual Offers",
              "timedOut": null,
              "duration": 10427,
              "state": "passed",
              "speed": "slow",
              "pass": true,
              "fail": false,
              "pending": false,
              "context": null,
              "code": "cy.get('#avatar-lily').should('be.visible'); // Picture should be visible\ncy.get('app-coverage-details.ng-star-inserted > div.ng-untouched').should(\"be.visible\"); //Selecting Any Option\ncy.wait(6000);\ncy.get('.mat-flat-button').click({\n  multiple: true\n}); //Clicking On Next Button",
              "err": {},
              "uuid": "33666a0f-34e7-4942-bce3-049cb7df1498",
              "parentUUID": "3f57f309-08e9-4f61-aa4c-4191efd534d8",
              "isHook": false,
              "skipped": false
            },
            {
              "title": "confirmationPage",
              "fullTitle": "Test Still Water Annual confirmationPage",
              "timedOut": null,
              "duration": 1082,
              "state": "passed",
              "speed": "fast",
              "pass": true,
              "fail": false,
              "pending": false,
              "context": null,
              "code": "cy.get('#avatar-lily').should('be.visible'); // Picture should be visible\ncy.get('.mat-horizontal-content-container').should('be.visible'); //Checking Confirm Rates\ncy.get('.mat-checkbox-inner-container').click(); //clicking on checkbox\ncy.get('.mat-flat-button').click(); //Clicking on Continue To Payment",
              "err": {},
              "uuid": "ab75d112-e515-473d-acd6-2b72fc1934fa",
              "parentUUID": "3f57f309-08e9-4f61-aa4c-4191efd534d8",
              "isHook": false,
              "skipped": false
            },
            {
              "title": "PaymentMode",
              "fullTitle": "Test Still Water Annual PaymentMode",
              "timedOut": null,
              "duration": 7883,
              "state": "passed",
              "speed": "medium",
              "pass": true,
              "fail": false,
              "pending": false,
              "context": null,
              "code": "cy.get('#lbl_paid_in_full').click(); //selecting Annual,paid in full\ncy.get('.mat-flat-button').click(); //Clicking on Continue\ncy.get('#mat-input-14').type('111111111'); // details\ncy.get('#mat-input-15').type('111111111111');\ncy.get('.mat-form-field-suffix > .mat-focus-indicator > .mat-button-wrapper > .mat-icon').click();\ncy.get('#mat-input-16').type('111111111111');\ncy.get('.mat-select-placeholder').click();\ncy.get('#mat-option-10 > .mat-option-text').click();\ncy.get('app-eft-bank-info.ng-star-inserted > :nth-child(3)').should('be.visible');\ncy.get('app-eft-bank-info.ng-star-inserted > .pad-bottom').should('be.visible');\ncy.get('.mat-flat-button').should('be.visible').click();",
              "err": {},
              "uuid": "e12b19b4-874c-4413-9bf1-42d6775777df",
              "parentUUID": "3f57f309-08e9-4f61-aa4c-4191efd534d8",
              "isHook": false,
              "skipped": false
            }
          ],
          "suites": [],
          "passes": [
            "abcf0a12-ad51-4327-a779-1ea55dacdbc3",
            "ea254208-f7aa-44d3-af07-f2cff66e9b7b",
            "8a55b350-424c-46a9-ae52-0ae585b7a187",
            "f15c0338-0a32-4b74-83bb-7be7ed1a8a53",
            "7ebcc27e-abcd-48d9-bda1-f321bffdb18c",
            "ff8d2cc4-029a-48d7-ac26-6521da640921",
            "aa42c45c-e7c2-430d-9457-842bd97e71e9",
            "fcb7a7b6-18af-47e3-bd1a-d0535a05eedb",
            "33666a0f-34e7-4942-bce3-049cb7df1498",
            "ab75d112-e515-473d-acd6-2b72fc1934fa",
            "e12b19b4-874c-4413-9bf1-42d6775777df"
          ],
          "failures": [],
          "pending": [],
          "skipped": [],
          "duration": 63795,
          "root": false,
          "rootEmpty": false,
          "_timeout": 2000
        }
      ],
      "passes": [],
      "failures": [],
      "pending": [],
      "skipped": [],
      "duration": 0,
      "root": true,
      "rootEmpty": true,
      "_timeout": 2000
    }
  ],
  "meta": {
    "mocha": {
      "version": "7.0.1"
    },
    "mochawesome": {
      "options": {
        "quiet": false,
        "reportFilename": "mochawesome",
        "saveHtml": false,
        "saveJson": true,
        "consoleReporter": "spec",
        "useInlineDiffs": false,
        "code": true
      },
      "version": "7.0.1"
    },
    "marge": {
      "options": {
        "id": "default",
        "reportDir": "cypress/reports/mocha",
        "quite": true,
        "overwrite": false,
        "html": false,
        "json": true
      },
      "version": "6.0.1"
    }
  }
}