{
  "stats": {
    "suites": 1,
    "tests": 11,
    "passes": 11,
    "pending": 0,
    "failures": 0,
    "start": "2022-01-11T09:10:48.184Z",
    "end": "2022-01-11T09:11:29.462Z",
    "duration": 41278,
    "testsRegistered": 11,
    "passPercent": 100,
    "pendingPercent": 0,
    "other": 0,
    "hasOther": false,
    "skipped": 0,
    "hasSkipped": false
  },
  "results": [
    {
      "uuid": "a2ab4422-8561-4732-9246-961e61fed7cf",
      "title": "",
      "fullFile": "cypress/integration/stillWaterAnnual-spec.js",
      "file": "cypress/integration/stillWaterAnnual-spec.js",
      "beforeHooks": [],
      "afterHooks": [],
      "tests": [],
      "suites": [
        {
          "uuid": "4365c0f0-8317-4e3e-a370-8ffd81cc06dc",
          "title": "Test Still Water Annual",
          "fullFile": "",
          "file": "",
          "beforeHooks": [],
          "afterHooks": [],
          "tests": [
            {
              "title": "Load Website",
              "fullTitle": "Test Still Water Annual Load Website",
              "timedOut": null,
              "duration": 13055,
              "state": "passed",
              "speed": "slow",
              "pass": true,
              "fail": false,
              "pending": false,
              "context": null,
              "code": "cy.visit('/renters/renter');\ncy.wait(3000);",
              "err": {},
              "uuid": "97c3f962-8052-4cbb-8459-d78f3a4e3644",
              "parentUUID": "4365c0f0-8317-4e3e-a370-8ffd81cc06dc",
              "isHook": false,
              "skipped": false
            },
            {
              "title": "Assert Data that  should be visible",
              "fullTitle": "Test Still Water Annual Assert Data that  should be visible",
              "timedOut": null,
              "duration": 96,
              "state": "passed",
              "speed": "fast",
              "pass": true,
              "fail": false,
              "pending": false,
              "context": null,
              "code": "cy.get('#avatar-lily').should('be.visible'); // Picture should be visible\ncy.get('.lily-voice').should('be.visible', this.data.firstPageData); // quote should be visible",
              "err": {},
              "uuid": "f186fc26-63c2-4d8c-baa7-261e28fca5d3",
              "parentUUID": "4365c0f0-8317-4e3e-a370-8ffd81cc06dc",
              "isHook": false,
              "skipped": false
            },
            {
              "title": "userInput",
              "fullTitle": "Test Still Water Annual userInput",
              "timedOut": null,
              "duration": 1407,
              "state": "passed",
              "speed": "fast",
              "pass": true,
              "fail": false,
              "pending": false,
              "context": null,
              "code": "cy.get('#mat-input-0').type(this.data.firstName); //Entering UserName\ncy.get('#mat-input-1').type(this.data.lastName); //Entering LastName\ncy.get('#mat-input-2').type(this.data.DateofBirth); //Entering DateOfBirth\ncy.get('.mat-flat-button').click();",
              "err": {},
              "uuid": "1a8d7055-91dc-4a54-9d90-011d870b40a8",
              "parentUUID": "4365c0f0-8317-4e3e-a370-8ffd81cc06dc",
              "isHook": false,
              "skipped": false
            },
            {
              "title": "addressPageForVerification",
              "fullTitle": "Test Still Water Annual addressPageForVerification",
              "timedOut": null,
              "duration": 5259,
              "state": "passed",
              "speed": "medium",
              "pass": true,
              "fail": false,
              "pending": false,
              "context": null,
              "code": "cy.get('#avatar-lily').should('be.visible'); // Picture should be visible\ncy.get('#mat-input-3').type(this.data.address.address1); //Entering address\ncy.wait(3000);\ncy.get('.pac-item').click(); //Clicked On fetched Address\ncy.get('#mat-input-7').type(this.data.apt); // cy.get('.mat-flat-button').dblclick({ multiple: true });\nfor (let n = 0; n < 3; n++) {\n  cy.get('.mat-flat-button').click(); //Clicking On Next Button\n}",
              "err": {},
              "uuid": "e93f328c-fd49-4676-ace0-8744c93f5162",
              "parentUUID": "4365c0f0-8317-4e3e-a370-8ffd81cc06dc",
              "isHook": false,
              "skipped": false
            },
            {
              "title": "userCredentials",
              "fullTitle": "Test Still Water Annual userCredentials",
              "timedOut": null,
              "duration": 3848,
              "state": "passed",
              "speed": "fast",
              "pass": true,
              "fail": false,
              "pending": false,
              "context": null,
              "code": "cy.get('#avatar-lily').should('be.visible'); //Picture should be visible\ncy.get('#mat-input-8').type(this.data.email); // Entering Email\ncy.get('#mat-input-9').type(this.data.phoneNo); //Entering PhoneNo\ncy.get('.mat-flat-button').click(); //Clicking On Next Button",
              "err": {},
              "uuid": "e380821d-65b0-4ee7-b91c-b272da052fd0",
              "parentUUID": "4365c0f0-8317-4e3e-a370-8ffd81cc06dc",
              "isHook": false,
              "skipped": false
            },
            {
              "title": "personalQuestions",
              "fullTitle": "Test Still Water Annual personalQuestions",
              "timedOut": null,
              "duration": 1074,
              "state": "passed",
              "speed": "fast",
              "pass": true,
              "fail": false,
              "pending": false,
              "context": null,
              "code": "cy.get('#avatar-lily').should('be.visible'); // Picture should be visible\ncy.get('#mat-radio-4').click(); //Selecting Any Option\ncy.get('.mat-flat-button').click(); //Clicking On Next Button",
              "err": {},
              "uuid": "b8740b96-e0d5-4bcb-ab39-3a0d86bd5927",
              "parentUUID": "4365c0f0-8317-4e3e-a370-8ffd81cc06dc",
              "isHook": false,
              "skipped": false
            },
            {
              "title": "lets talk business",
              "fullTitle": "Test Still Water Annual lets talk business",
              "timedOut": null,
              "duration": 583,
              "state": "passed",
              "speed": "fast",
              "pass": true,
              "fail": false,
              "pending": false,
              "context": null,
              "code": "cy.get('#avatar-lily').should('be.visible'); // Picture should be visible\ncy.get('#cdk-step-content-0-4 > .ng-star-inserted > .buttons > :nth-child(1)').contains(\"No\").click(); //Selecting Any Option\ncy.get('.mat-flat-button').click(); //Clicking On Next Button",
              "err": {},
              "uuid": "522860b0-4925-423b-a6d0-b455b4d335fb",
              "parentUUID": "4365c0f0-8317-4e3e-a370-8ffd81cc06dc",
              "isHook": false,
              "skipped": false
            },
            {
              "title": "Last question",
              "fullTitle": "Test Still Water Annual Last question",
              "timedOut": null,
              "duration": 645,
              "state": "passed",
              "speed": "fast",
              "pass": true,
              "fail": false,
              "pending": false,
              "context": null,
              "code": "cy.get('#avatar-lily').should('be.visible');\ncy.get('#cdk-step-content-0-5 > .ng-star-inserted > .buttons > :nth-child(1)').contains(\"No\").click(); //Selecting Any Option\ncy.get('.mat-flat-button').click(); //Clicking On Next Button",
              "err": {},
              "uuid": "26f0ef97-41b2-4b3a-9f0b-a54374f337b0",
              "parentUUID": "4365c0f0-8317-4e3e-a370-8ffd81cc06dc",
              "isHook": false,
              "skipped": false
            },
            {
              "title": "Offers",
              "fullTitle": "Test Still Water Annual Offers",
              "timedOut": null,
              "duration": 8974,
              "state": "passed",
              "speed": "medium",
              "pass": true,
              "fail": false,
              "pending": false,
              "context": null,
              "code": "cy.get('#avatar-lily').should('be.visible'); // Picture should be visible\ncy.get('app-coverage-details.ng-star-inserted > div.ng-untouched').should(\"be.visible\"); //Selecting Any Option\ncy.wait(6000);\ncy.get('.mat-flat-button').click({\n  multiple: true\n}); //Clicking On Next Button",
              "err": {},
              "uuid": "04362df1-7d9d-40f3-baad-f598a4c31adc",
              "parentUUID": "4365c0f0-8317-4e3e-a370-8ffd81cc06dc",
              "isHook": false,
              "skipped": false
            },
            {
              "title": "confirmationPage",
              "fullTitle": "Test Still Water Annual confirmationPage",
              "timedOut": null,
              "duration": 715,
              "state": "passed",
              "speed": "fast",
              "pass": true,
              "fail": false,
              "pending": false,
              "context": null,
              "code": "cy.get('#avatar-lily').should('be.visible'); // Picture should be visible\ncy.get('.mat-horizontal-content-container').should('be.visible'); //Checking Confirm Rates\ncy.get('.mat-checkbox-inner-container').click(); //clicking on checkbox\ncy.get('.mat-flat-button').click(); //Clicking on Continue To Payment",
              "err": {},
              "uuid": "d46d5e64-0765-4f87-9751-39d021c38746",
              "parentUUID": "4365c0f0-8317-4e3e-a370-8ffd81cc06dc",
              "isHook": false,
              "skipped": false
            },
            {
              "title": "PaymentMode",
              "fullTitle": "Test Still Water Annual PaymentMode",
              "timedOut": null,
              "duration": 5322,
              "state": "passed",
              "speed": "medium",
              "pass": true,
              "fail": false,
              "pending": false,
              "context": null,
              "code": "cy.get('#lbl_paid_in_full').click(); //selecting Annual,paid in full\ncy.get('.mat-flat-button').click(); //Clicking on Continue\ncy.get('#mat-input-14').type('111111111'); // details\ncy.get('#mat-input-15').type('111111111111');\ncy.get('.mat-form-field-suffix > .mat-focus-indicator > .mat-button-wrapper > .mat-icon').click();\ncy.get('#mat-input-16').type('111111111111');\ncy.get('.mat-select-placeholder').click();\ncy.get('#mat-option-10 > .mat-option-text').click();\ncy.get('app-eft-bank-info.ng-star-inserted > :nth-child(3)').should('be.visible');\ncy.get('app-eft-bank-info.ng-star-inserted > .pad-bottom').should('be.visible');\ncy.get('.mat-flat-button').should('be.visible').click();",
              "err": {},
              "uuid": "653565a7-1256-4b5c-9da0-d16af95ded45",
              "parentUUID": "4365c0f0-8317-4e3e-a370-8ffd81cc06dc",
              "isHook": false,
              "skipped": false
            }
          ],
          "suites": [],
          "passes": [
            "97c3f962-8052-4cbb-8459-d78f3a4e3644",
            "f186fc26-63c2-4d8c-baa7-261e28fca5d3",
            "1a8d7055-91dc-4a54-9d90-011d870b40a8",
            "e93f328c-fd49-4676-ace0-8744c93f5162",
            "e380821d-65b0-4ee7-b91c-b272da052fd0",
            "b8740b96-e0d5-4bcb-ab39-3a0d86bd5927",
            "522860b0-4925-423b-a6d0-b455b4d335fb",
            "26f0ef97-41b2-4b3a-9f0b-a54374f337b0",
            "04362df1-7d9d-40f3-baad-f598a4c31adc",
            "d46d5e64-0765-4f87-9751-39d021c38746",
            "653565a7-1256-4b5c-9da0-d16af95ded45"
          ],
          "failures": [],
          "pending": [],
          "skipped": [],
          "duration": 40978,
          "root": false,
          "rootEmpty": false,
          "_timeout": 2000
        }
      ],
      "passes": [],
      "failures": [],
      "pending": [],
      "skipped": [],
      "duration": 0,
      "root": true,
      "rootEmpty": true,
      "_timeout": 2000
    }
  ],
  "meta": {
    "mocha": {
      "version": "7.0.1"
    },
    "mochawesome": {
      "options": {
        "quiet": false,
        "reportFilename": "mochawesome",
        "saveHtml": false,
        "saveJson": true,
        "consoleReporter": "spec",
        "useInlineDiffs": false,
        "code": true
      },
      "version": "7.0.1"
    },
    "marge": {
      "options": {
        "id": "default",
        "reportDir": "cypress/reports/mocha",
        "quite": true,
        "overwrite": false,
        "html": false,
        "json": true
      },
      "version": "6.0.1"
    }
  }
}