{
  "stats": {
    "suites": 1,
    "tests": 12,
    "passes": 12,
    "pending": 0,
    "failures": 0,
    "start": "2022-01-11T09:11:32.656Z",
    "end": "2022-01-11T09:12:12.938Z",
    "duration": 40282,
    "testsRegistered": 12,
    "passPercent": 100,
    "pendingPercent": 0,
    "other": 0,
    "hasOther": false,
    "skipped": 0,
    "hasSkipped": false
  },
  "results": [
    {
      "uuid": "4637e738-1df7-4856-863a-ac8ddb67c60c",
      "title": "",
      "fullFile": "cypress/integration/stillWaterMonthly-spec.js",
      "file": "cypress/integration/stillWaterMonthly-spec.js",
      "beforeHooks": [],
      "afterHooks": [],
      "tests": [],
      "suites": [
        {
          "uuid": "42e179dd-d8ca-42e3-a042-e7a4de3c0770",
          "title": "Test Still Water Monthly",
          "fullFile": "",
          "file": "",
          "beforeHooks": [],
          "afterHooks": [],
          "tests": [
            {
              "title": "Load Website",
              "fullTitle": "Test Still Water Monthly Load Website",
              "timedOut": null,
              "duration": 10356,
              "state": "passed",
              "speed": "slow",
              "pass": true,
              "fail": false,
              "pending": false,
              "context": null,
              "code": "cy.visit('/renters/renter');\ncy.wait(3000);",
              "err": {},
              "uuid": "622e43ff-de61-499a-b216-5471a9549b65",
              "parentUUID": "42e179dd-d8ca-42e3-a042-e7a4de3c0770",
              "isHook": false,
              "skipped": false
            },
            {
              "title": "Assert Data that  should be visible",
              "fullTitle": "Test Still Water Monthly Assert Data that  should be visible",
              "timedOut": null,
              "duration": 104,
              "state": "passed",
              "speed": "fast",
              "pass": true,
              "fail": false,
              "pending": false,
              "context": null,
              "code": "cy.get('#avatar-lily').should('be.visible'); // Picture should be visible\ncy.get('.lily-voice').should('be.visible', this.data.firstPageData); // quote should be visible",
              "err": {},
              "uuid": "33ecfdbe-ba15-4c75-88d5-049ab741b0ed",
              "parentUUID": "42e179dd-d8ca-42e3-a042-e7a4de3c0770",
              "isHook": false,
              "skipped": false
            },
            {
              "title": "userInput",
              "fullTitle": "Test Still Water Monthly userInput",
              "timedOut": null,
              "duration": 1378,
              "state": "passed",
              "speed": "fast",
              "pass": true,
              "fail": false,
              "pending": false,
              "context": null,
              "code": "cy.get('#mat-input-0').type(this.data.firstName); //Entering UserName\ncy.get('#mat-input-1').type(this.data.lastName); //Entering LastName\ncy.get('#mat-input-2').type(this.data.DateofBirth); //Entering DateOfBirth\ncy.get('.mat-flat-button').click();",
              "err": {},
              "uuid": "6dadfd9c-76ad-4549-a9b7-816ea4a36764",
              "parentUUID": "42e179dd-d8ca-42e3-a042-e7a4de3c0770",
              "isHook": false,
              "skipped": false
            },
            {
              "title": "addressPageForVerification",
              "fullTitle": "Test Still Water Monthly addressPageForVerification",
              "timedOut": null,
              "duration": 7610,
              "state": "passed",
              "speed": "medium",
              "pass": true,
              "fail": false,
              "pending": false,
              "context": null,
              "code": "cy.get('#avatar-lily').should('be.visible'); // Picture should be visible\ncy.get('#mat-input-3').type(this.data.address.address1); //Entering address\ncy.wait(3000);\ncy.get('.pac-item').click(); //Clicked On fetched Address\ncy.get('#mat-input-7').type(this.data.apt); // cy.get('div.input-div > button').dblclick({ multiple: true });\nfor (let n = 0; n < 3; n++) {\n  cy.get('.mat-flat-button').click(); //Clicking On Next Button\n}",
              "err": {},
              "uuid": "f1e82ca7-d059-4ca4-aefa-dd5cde33b53a",
              "parentUUID": "42e179dd-d8ca-42e3-a042-e7a4de3c0770",
              "isHook": false,
              "skipped": false
            },
            {
              "title": "userCredentials",
              "fullTitle": "Test Still Water Monthly userCredentials",
              "timedOut": null,
              "duration": 1285,
              "state": "passed",
              "speed": "fast",
              "pass": true,
              "fail": false,
              "pending": false,
              "context": null,
              "code": "cy.get('#avatar-lily').should('be.visible'); //Picture should be visible\ncy.get('#mat-input-8').type(this.data.email); // Entering Email\ncy.get('#mat-input-9').type(this.data.phoneNo); //Entering PhoneNo\ncy.get('.mat-flat-button').click(); //Clicking On Next Button",
              "err": {},
              "uuid": "fe585eac-b7a1-455f-a569-28f9db17ba67",
              "parentUUID": "42e179dd-d8ca-42e3-a042-e7a4de3c0770",
              "isHook": false,
              "skipped": false
            },
            {
              "title": "personalQuestions",
              "fullTitle": "Test Still Water Monthly personalQuestions",
              "timedOut": null,
              "duration": 1485,
              "state": "passed",
              "speed": "fast",
              "pass": true,
              "fail": false,
              "pending": false,
              "context": null,
              "code": "cy.get('#avatar-lily').should('be.visible'); // Picture should be visible\ncy.get('#mat-radio-4').click(); //Selecting Any Option\ncy.get('.mat-flat-button').click(); //Clicking On Next Button",
              "err": {},
              "uuid": "b41a6a8c-710c-4d7f-a484-67b1d750806f",
              "parentUUID": "42e179dd-d8ca-42e3-a042-e7a4de3c0770",
              "isHook": false,
              "skipped": false
            },
            {
              "title": "lets talk business",
              "fullTitle": "Test Still Water Monthly lets talk business",
              "timedOut": null,
              "duration": 694,
              "state": "passed",
              "speed": "fast",
              "pass": true,
              "fail": false,
              "pending": false,
              "context": null,
              "code": "cy.get('#avatar-lily').should('be.visible'); // Picture should be visible\ncy.get('#cdk-step-content-0-4 > .ng-star-inserted > .buttons > :nth-child(1)').contains(\"No\").click(); //Selecting Any Option\ncy.get('.mat-flat-button').click(); //Clicking On Next Button",
              "err": {},
              "uuid": "d35e376a-b3c3-4bed-b676-d33a0f284ee5",
              "parentUUID": "42e179dd-d8ca-42e3-a042-e7a4de3c0770",
              "isHook": false,
              "skipped": false
            },
            {
              "title": "Last question",
              "fullTitle": "Test Still Water Monthly Last question",
              "timedOut": null,
              "duration": 613,
              "state": "passed",
              "speed": "fast",
              "pass": true,
              "fail": false,
              "pending": false,
              "context": null,
              "code": "cy.get('#avatar-lily').should('be.visible'); // Picture should be visible\ncy.get('#cdk-step-content-0-5 > .ng-star-inserted > .buttons > :nth-child(1)').contains(\"No\").click(); //Selecting Any Option\ncy.get('.mat-flat-button').click(); //Clicking On Next Button",
              "err": {},
              "uuid": "b772c2e6-d22d-45aa-8e31-8353a428a969",
              "parentUUID": "42e179dd-d8ca-42e3-a042-e7a4de3c0770",
              "isHook": false,
              "skipped": false
            },
            {
              "title": "Offers",
              "fullTitle": "Test Still Water Monthly Offers",
              "timedOut": null,
              "duration": 9429,
              "state": "passed",
              "speed": "medium",
              "pass": true,
              "fail": false,
              "pending": false,
              "context": null,
              "code": "cy.get('#avatar-lily').should('be.visible'); // Picture should be visible\ncy.get('app-coverage-details.ng-star-inserted > div.ng-untouched').should(\"be.visible\"); //Selecting Any Option\ncy.wait(6000);\ncy.get('.mat-flat-button').click({\n  multiple: true\n}); //Clicking On Next Button",
              "err": {},
              "uuid": "9e41b6f1-7da8-4a35-a57c-9af3244f9797",
              "parentUUID": "42e179dd-d8ca-42e3-a042-e7a4de3c0770",
              "isHook": false,
              "skipped": false
            },
            {
              "title": "confirmationPage",
              "fullTitle": "Test Still Water Monthly confirmationPage",
              "timedOut": null,
              "duration": 841,
              "state": "passed",
              "speed": "fast",
              "pass": true,
              "fail": false,
              "pending": false,
              "context": null,
              "code": "cy.get('#avatar-lily').should('be.visible'); // Picture should be visible\ncy.get('.mat-horizontal-content-container').should('be.visible'); //Checking Confirm Rates\ncy.get('.mat-checkbox-inner-container').click(); //clicking on checkbox\ncy.get('.mat-flat-button').click(); //Clicking on Continue To Payment",
              "err": {},
              "uuid": "d05395d5-eede-4dc1-8d32-45abb17462da",
              "parentUUID": "42e179dd-d8ca-42e3-a042-e7a4de3c0770",
              "isHook": false,
              "skipped": false
            },
            {
              "title": "PaymentMode",
              "fullTitle": "Test Still Water Monthly PaymentMode",
              "timedOut": null,
              "duration": 3520,
              "state": "passed",
              "speed": "fast",
              "pass": true,
              "fail": false,
              "pending": false,
              "context": null,
              "code": "cy.get('#lbl_monthly_eft').click(); //selecting monthly credit card\ncy.get('.payment_options_wrapper > :nth-child(2)').should('be.visible');\ncy.get('.payment_options_wrapper > :nth-child(3)').should('be.visible');\ncy.get('.payment_options_wrapper > :nth-child(4)').should('be.visible');\ncy.get('.payment_options_wrapper > :nth-child(5)').should('be.visible');\ncy.get('.mat-flat-button').click();",
              "err": {},
              "uuid": "9ce81fa6-1263-4432-8bf8-54f237c0b498",
              "parentUUID": "42e179dd-d8ca-42e3-a042-e7a4de3c0770",
              "isHook": false,
              "skipped": false
            },
            {
              "title": "creditCard",
              "fullTitle": "Test Still Water Monthly creditCard",
              "timedOut": null,
              "duration": 2631,
              "state": "passed",
              "speed": "fast",
              "pass": true,
              "fail": false,
              "pending": false,
              "context": null,
              "code": "cy.get('#mat-input-14').type('111111111'); // cc credentials\ncy.get('#mat-input-15').type('111111111111');\ncy.get('.mat-form-field-suffix > .mat-focus-indicator > .mat-button-wrapper > .mat-icon').click();\ncy.get('#mat-input-16').type('111111111111');\ncy.get('.mat-select-placeholder').click();\ncy.get('#mat-option-10 > .mat-option-text').click();\ncy.get('app-eft-bank-info.ng-star-inserted > :nth-child(3)').should('be.visible');\ncy.get('app-eft-bank-info.ng-star-inserted > .pad-bottom').should('be.visible');\ncy.get('.mat-flat-button').click();",
              "err": {},
              "uuid": "34a8ec02-cc0b-4801-89b3-83be97c6730d",
              "parentUUID": "42e179dd-d8ca-42e3-a042-e7a4de3c0770",
              "isHook": false,
              "skipped": false
            }
          ],
          "suites": [],
          "passes": [
            "622e43ff-de61-499a-b216-5471a9549b65",
            "33ecfdbe-ba15-4c75-88d5-049ab741b0ed",
            "6dadfd9c-76ad-4549-a9b7-816ea4a36764",
            "f1e82ca7-d059-4ca4-aefa-dd5cde33b53a",
            "fe585eac-b7a1-455f-a569-28f9db17ba67",
            "b41a6a8c-710c-4d7f-a484-67b1d750806f",
            "d35e376a-b3c3-4bed-b676-d33a0f284ee5",
            "b772c2e6-d22d-45aa-8e31-8353a428a969",
            "9e41b6f1-7da8-4a35-a57c-9af3244f9797",
            "d05395d5-eede-4dc1-8d32-45abb17462da",
            "9ce81fa6-1263-4432-8bf8-54f237c0b498",
            "34a8ec02-cc0b-4801-89b3-83be97c6730d"
          ],
          "failures": [],
          "pending": [],
          "skipped": [],
          "duration": 39946,
          "root": false,
          "rootEmpty": false,
          "_timeout": 2000
        }
      ],
      "passes": [],
      "failures": [],
      "pending": [],
      "skipped": [],
      "duration": 0,
      "root": true,
      "rootEmpty": true,
      "_timeout": 2000
    }
  ],
  "meta": {
    "mocha": {
      "version": "7.0.1"
    },
    "mochawesome": {
      "options": {
        "quiet": false,
        "reportFilename": "mochawesome",
        "saveHtml": false,
        "saveJson": true,
        "consoleReporter": "spec",
        "useInlineDiffs": false,
        "code": true
      },
      "version": "7.0.1"
    },
    "marge": {
      "options": {
        "id": "default",
        "reportDir": "cypress/reports/mocha",
        "quite": true,
        "overwrite": false,
        "html": false,
        "json": true
      },
      "version": "6.0.1"
    }
  }
}