{
  "stats": {
    "suites": 3,
    "tests": 35,
    "passes": 35,
    "pending": 0,
    "failures": 0,
    "start": "2022-01-06T18:22:50.804Z",
    "end": "2022-01-06T18:25:48.402Z",
    "duration": 160231,
    "testsRegistered": 35,
    "passPercent": 100,
    "pendingPercent": 0,
    "other": 0,
    "hasOther": false,
    "skipped": 0,
    "hasSkipped": false
  },
  "results": [
    {
      "uuid": "70a7c1c2-fdd6-4920-939c-22a43726bc79",
      "title": "",
      "fullFile": "cypress/integration/stillWaterMonthly-spec.js",
      "file": "cypress/integration/stillWaterMonthly-spec.js",
      "beforeHooks": [],
      "afterHooks": [],
      "tests": [],
      "suites": [
        {
          "uuid": "ddf10a81-0807-49ea-b9c1-40a3e95ffe19",
          "title": "Test Still Water Monthly",
          "fullFile": "",
          "file": "",
          "beforeHooks": [],
          "afterHooks": [],
          "tests": [
            {
              "title": "Load Website",
              "fullTitle": "Test Still Water Monthly Load Website",
              "timedOut": null,
              "duration": 19927,
              "state": "passed",
              "speed": "slow",
              "pass": true,
              "fail": false,
              "pending": false,
              "context": null,
              "code": "cy.visit('/renters/renter');\ncy.wait(3000);",
              "err": {},
              "uuid": "80bbe72b-51bb-4884-8df9-ccdfa4f16aaa",
              "parentUUID": "ddf10a81-0807-49ea-b9c1-40a3e95ffe19",
              "isHook": false,
              "skipped": false
            },
            {
              "title": "Assert Data that  should be visible",
              "fullTitle": "Test Still Water Monthly Assert Data that  should be visible",
              "timedOut": null,
              "duration": 91,
              "state": "passed",
              "speed": "fast",
              "pass": true,
              "fail": false,
              "pending": false,
              "context": null,
              "code": "cy.get('#avatar-lily').should('be.visible'); // Picture should be visible\ncy.get('.lily-voice').should('be.visible', this.data.firstPageData); // quote should be visible",
              "err": {},
              "uuid": "d18ad19b-89b0-40c8-80fe-0e820e2b2aec",
              "parentUUID": "ddf10a81-0807-49ea-b9c1-40a3e95ffe19",
              "isHook": false,
              "skipped": false
            },
            {
              "title": "userInput",
              "fullTitle": "Test Still Water Monthly userInput",
              "timedOut": null,
              "duration": 10754,
              "state": "passed",
              "speed": "slow",
              "pass": true,
              "fail": false,
              "pending": false,
              "context": null,
              "code": "cy.get('#mat-input-0').type(this.data.firstName); //Entering UserName\ncy.get('#mat-input-1').type(this.data.lastName); //Entering LastName\ncy.get('#mat-input-2').type(this.data.DateofBirth); //Entering DateOfBirth\ncy.get('.mat-flat-button').click();",
              "err": {},
              "uuid": "5c76fdcb-bf26-40f2-9bec-6fcc327d5fc5",
              "parentUUID": "ddf10a81-0807-49ea-b9c1-40a3e95ffe19",
              "isHook": false,
              "skipped": false
            },
            {
              "title": "addressPageForVerification",
              "fullTitle": "Test Still Water Monthly addressPageForVerification",
              "timedOut": null,
              "duration": 7239,
              "state": "passed",
              "speed": "medium",
              "pass": true,
              "fail": false,
              "pending": false,
              "context": null,
              "code": "cy.get('#avatar-lily').should('be.visible'); // Picture should be visible\ncy.get('#mat-input-3').type(this.data.address.address1); //Entering address\ncy.wait(3000);\ncy.get('.pac-item').click(); //Clicked On fetched Address\ncy.get('#mat-input-7').type(this.data.apt); // cy.get('div.input-div > button').dblclick({ multiple: true });\nfor (let n = 0; n < 3; n++) {\n  cy.get('.mat-flat-button').click(); //Clicking On Next Button\n}",
              "err": {},
              "uuid": "4a9c23c6-cad8-4038-acde-9119c610d513",
              "parentUUID": "ddf10a81-0807-49ea-b9c1-40a3e95ffe19",
              "isHook": false,
              "skipped": false
            },
            {
              "title": "userCredentials",
              "fullTitle": "Test Still Water Monthly userCredentials",
              "timedOut": null,
              "duration": 1204,
              "state": "passed",
              "speed": "fast",
              "pass": true,
              "fail": false,
              "pending": false,
              "context": null,
              "code": "cy.get('#avatar-lily').should('be.visible'); //Picture should be visible\ncy.get('#mat-input-8').type(this.data.email); // Entering Email\ncy.get('#mat-input-9').type(this.data.phoneNo); //Entering PhoneNo\ncy.get('.mat-flat-button').click(); //Clicking On Next Button",
              "err": {},
              "uuid": "93f7baac-05b1-4ac4-ae25-3c7b4ab5ca42",
              "parentUUID": "ddf10a81-0807-49ea-b9c1-40a3e95ffe19",
              "isHook": false,
              "skipped": false
            },
            {
              "title": "personalQuestions",
              "fullTitle": "Test Still Water Monthly personalQuestions",
              "timedOut": null,
              "duration": 1122,
              "state": "passed",
              "speed": "fast",
              "pass": true,
              "fail": false,
              "pending": false,
              "context": null,
              "code": "cy.get('#avatar-lily').should('be.visible'); // Picture should be visible\ncy.get('#mat-radio-4').click(); //Selecting Any Option\ncy.get('.mat-flat-button').click(); //Clicking On Next Button",
              "err": {},
              "uuid": "ec96d5cd-ee78-44e1-b604-f918ca3a3a2f",
              "parentUUID": "ddf10a81-0807-49ea-b9c1-40a3e95ffe19",
              "isHook": false,
              "skipped": false
            },
            {
              "title": "lets talk business",
              "fullTitle": "Test Still Water Monthly lets talk business",
              "timedOut": null,
              "duration": 896,
              "state": "passed",
              "speed": "fast",
              "pass": true,
              "fail": false,
              "pending": false,
              "context": null,
              "code": "cy.get('#avatar-lily').should('be.visible'); // Picture should be visible\ncy.get('#cdk-step-content-0-4 > .ng-star-inserted > .buttons > :nth-child(1)').contains(\"No\").click(); //Selecting Any Option\ncy.get('.mat-flat-button').click(); //Clicking On Next Button",
              "err": {},
              "uuid": "91e9fb24-e304-434f-ad47-ae50514eef60",
              "parentUUID": "ddf10a81-0807-49ea-b9c1-40a3e95ffe19",
              "isHook": false,
              "skipped": false
            },
            {
              "title": "Last question",
              "fullTitle": "Test Still Water Monthly Last question",
              "timedOut": null,
              "duration": 671,
              "state": "passed",
              "speed": "fast",
              "pass": true,
              "fail": false,
              "pending": false,
              "context": null,
              "code": "cy.get('#avatar-lily').should('be.visible'); // Picture should be visible\ncy.get('#cdk-step-content-0-5 > .ng-star-inserted > .buttons > :nth-child(1)').contains(\"No\").click(); //Selecting Any Option\ncy.get('.mat-flat-button').click(); //Clicking On Next Button",
              "err": {},
              "uuid": "8add193c-5701-40bc-8fe2-3c76ec01a169",
              "parentUUID": "ddf10a81-0807-49ea-b9c1-40a3e95ffe19",
              "isHook": false,
              "skipped": false
            },
            {
              "title": "Offers",
              "fullTitle": "Test Still Water Monthly Offers",
              "timedOut": null,
              "duration": 9761,
              "state": "passed",
              "speed": "medium",
              "pass": true,
              "fail": false,
              "pending": false,
              "context": null,
              "code": "cy.get('#avatar-lily').should('be.visible'); // Picture should be visible\ncy.get('app-coverage-details.ng-star-inserted > div.ng-untouched').should(\"be.visible\"); //Selecting Any Option\ncy.wait(6000);\ncy.get('.mat-flat-button').click({\n  multiple: true\n}); //Clicking On Next Button",
              "err": {},
              "uuid": "3c7f8c59-998d-43c2-b784-9b890a54f3cd",
              "parentUUID": "ddf10a81-0807-49ea-b9c1-40a3e95ffe19",
              "isHook": false,
              "skipped": false
            },
            {
              "title": "confirmationPage",
              "fullTitle": "Test Still Water Monthly confirmationPage",
              "timedOut": null,
              "duration": 775,
              "state": "passed",
              "speed": "fast",
              "pass": true,
              "fail": false,
              "pending": false,
              "context": null,
              "code": "cy.get('#avatar-lily').should('be.visible'); // Picture should be visible\ncy.get('.mat-horizontal-content-container').should('be.visible'); //Checking Confirm Rates\ncy.get('.mat-checkbox-inner-container').click(); //clicking on checkbox\ncy.get('.mat-flat-button').click(); //Clicking on Continue To Payment",
              "err": {},
              "uuid": "50eb684c-924c-4534-a31a-db96e9f4931a",
              "parentUUID": "ddf10a81-0807-49ea-b9c1-40a3e95ffe19",
              "isHook": false,
              "skipped": false
            },
            {
              "title": "PaymentMode",
              "fullTitle": "Test Still Water Monthly PaymentMode",
              "timedOut": null,
              "duration": 2548,
              "state": "passed",
              "speed": "fast",
              "pass": true,
              "fail": false,
              "pending": false,
              "context": null,
              "code": "cy.get('#lbl_monthly_eft').click(); //selecting monthly credit card\ncy.get('.payment_options_wrapper > :nth-child(2)').should('be.visible');\ncy.get('.payment_options_wrapper > :nth-child(3)').should('be.visible');\ncy.get('.payment_options_wrapper > :nth-child(4)').should('be.visible');\ncy.get('.payment_options_wrapper > :nth-child(5)').should('be.visible');\ncy.get('.mat-flat-button').click();",
              "err": {},
              "uuid": "620ac422-f49b-4718-aa51-3240dac59c1d",
              "parentUUID": "ddf10a81-0807-49ea-b9c1-40a3e95ffe19",
              "isHook": false,
              "skipped": false
            },
            {
              "title": "creditCard",
              "fullTitle": "Test Still Water Monthly creditCard",
              "timedOut": null,
              "duration": 2789,
              "state": "passed",
              "speed": "fast",
              "pass": true,
              "fail": false,
              "pending": false,
              "context": null,
              "code": "cy.get('#mat-input-14').type('111111111'); // cc credentials\ncy.get('#mat-input-15').type('111111111111');\ncy.get('.mat-form-field-suffix > .mat-focus-indicator > .mat-button-wrapper > .mat-icon').click();\ncy.get('#mat-input-16').type('111111111111');\ncy.get('.mat-select-placeholder').click();\ncy.get('#mat-option-10 > .mat-option-text').click();\ncy.get('app-eft-bank-info.ng-star-inserted > :nth-child(3)').should('be.visible');\ncy.get('app-eft-bank-info.ng-star-inserted > .pad-bottom').should('be.visible');\ncy.get('.mat-flat-button').click();",
              "err": {},
              "uuid": "64260bb5-ddb1-4fcd-b1ae-7707e116e1a8",
              "parentUUID": "ddf10a81-0807-49ea-b9c1-40a3e95ffe19",
              "isHook": false,
              "skipped": false
            }
          ],
          "suites": [],
          "passes": [
            "80bbe72b-51bb-4884-8df9-ccdfa4f16aaa",
            "d18ad19b-89b0-40c8-80fe-0e820e2b2aec",
            "5c76fdcb-bf26-40f2-9bec-6fcc327d5fc5",
            "4a9c23c6-cad8-4038-acde-9119c610d513",
            "93f7baac-05b1-4ac4-ae25-3c7b4ab5ca42",
            "ec96d5cd-ee78-44e1-b604-f918ca3a3a2f",
            "91e9fb24-e304-434f-ad47-ae50514eef60",
            "8add193c-5701-40bc-8fe2-3c76ec01a169",
            "3c7f8c59-998d-43c2-b784-9b890a54f3cd",
            "50eb684c-924c-4534-a31a-db96e9f4931a",
            "620ac422-f49b-4718-aa51-3240dac59c1d",
            "64260bb5-ddb1-4fcd-b1ae-7707e116e1a8"
          ],
          "failures": [],
          "pending": [],
          "skipped": [],
          "duration": 57777,
          "root": false,
          "rootEmpty": false,
          "_timeout": 2000
        }
      ],
      "passes": [],
      "failures": [],
      "pending": [],
      "skipped": [],
      "duration": 0,
      "root": true,
      "rootEmpty": true,
      "_timeout": 2000
    },
    {
      "uuid": "af48ece1-cc22-4d5b-966c-41adf236a454",
      "title": "",
      "fullFile": "cypress/integration/stillWaterMonthlyEft-spec.js",
      "file": "cypress/integration/stillWaterMonthlyEft-spec.js",
      "beforeHooks": [],
      "afterHooks": [],
      "tests": [],
      "suites": [
        {
          "uuid": "d5795c9f-d827-45d2-a040-07aad0b10345",
          "title": "Test Still Water MonthlyEft",
          "fullFile": "",
          "file": "",
          "beforeHooks": [],
          "afterHooks": [],
          "tests": [
            {
              "title": "Load Website",
              "fullTitle": "Test Still Water MonthlyEft Load Website",
              "timedOut": null,
              "duration": 10689,
              "state": "passed",
              "speed": "slow",
              "pass": true,
              "fail": false,
              "pending": false,
              "context": null,
              "code": "cy.visit('/renters/renter');\ncy.wait(3000);",
              "err": {},
              "uuid": "3395f607-b214-4817-a875-20f64eb1572f",
              "parentUUID": "d5795c9f-d827-45d2-a040-07aad0b10345",
              "isHook": false,
              "skipped": false
            },
            {
              "title": "Assert Data that  should be visible",
              "fullTitle": "Test Still Water MonthlyEft Assert Data that  should be visible",
              "timedOut": null,
              "duration": 162,
              "state": "passed",
              "speed": "fast",
              "pass": true,
              "fail": false,
              "pending": false,
              "context": null,
              "code": "cy.get('#avatar-lily').should('be.visible'); // Picture should be visible\ncy.get('.lily-voice').should('be.visible', this.data.firstPageData); // quote should be visible",
              "err": {},
              "uuid": "7ee730b8-5baf-4771-9f9b-fe602f78b25f",
              "parentUUID": "d5795c9f-d827-45d2-a040-07aad0b10345",
              "isHook": false,
              "skipped": false
            },
            {
              "title": "userInput",
              "fullTitle": "Test Still Water MonthlyEft userInput",
              "timedOut": null,
              "duration": 1886,
              "state": "passed",
              "speed": "fast",
              "pass": true,
              "fail": false,
              "pending": false,
              "context": null,
              "code": "cy.get('#mat-input-0').type(this.data.firstName); //Entering UserName\ncy.get('#mat-input-1').type(this.data.lastName); //Entering LastName\ncy.get('#mat-input-2').type(this.data.DateofBirth); //Entering DateOfBirth\ncy.get('.mat-flat-button').click(); //Clicking On Next Button",
              "err": {},
              "uuid": "7a2ec411-7f3c-4083-a689-3461bf179028",
              "parentUUID": "d5795c9f-d827-45d2-a040-07aad0b10345",
              "isHook": false,
              "skipped": false
            },
            {
              "title": "addressPageForVerification",
              "fullTitle": "Test Still Water MonthlyEft addressPageForVerification",
              "timedOut": null,
              "duration": 5127,
              "state": "passed",
              "speed": "medium",
              "pass": true,
              "fail": false,
              "pending": false,
              "context": null,
              "code": "cy.get('#avatar-lily').should('be.visible'); // Picture should be visible\ncy.get('#mat-input-3').type(this.data.address.address1); //Entering address\ncy.wait(3000);\ncy.get('.pac-item').click(); //Clicked On fetched Address\ncy.get('#mat-input-7').type(this.data.apt);\nfor (let n = 0; n < 3; n++) {\n  cy.get('.mat-flat-button').click();\n} //Clicking On Next Button",
              "err": {},
              "uuid": "0041f6e6-43b9-4555-b3f9-a2d7e8496729",
              "parentUUID": "d5795c9f-d827-45d2-a040-07aad0b10345",
              "isHook": false,
              "skipped": false
            },
            {
              "title": "userCredentials",
              "fullTitle": "Test Still Water MonthlyEft userCredentials",
              "timedOut": null,
              "duration": 3363,
              "state": "passed",
              "speed": "fast",
              "pass": true,
              "fail": false,
              "pending": false,
              "context": null,
              "code": "cy.get('#avatar-lily').should('be.visible'); //Picture should be visible\ncy.get('#mat-input-8').type(this.data.email); // Entering Email\ncy.get('#mat-input-9').type(this.data.phoneNo); //Entering PhoneNo\ncy.get('.mat-flat-button').dblclick(); //Clicking On Next Button",
              "err": {},
              "uuid": "f15aa87a-ca5f-483e-9ac9-d79e6276d390",
              "parentUUID": "d5795c9f-d827-45d2-a040-07aad0b10345",
              "isHook": false,
              "skipped": false
            },
            {
              "title": "personalQuestions",
              "fullTitle": "Test Still Water MonthlyEft personalQuestions",
              "timedOut": null,
              "duration": 1600,
              "state": "passed",
              "speed": "fast",
              "pass": true,
              "fail": false,
              "pending": false,
              "context": null,
              "code": "cy.get('#avatar-lily').should('be.visible'); // Picture should be visible\ncy.get('#mat-radio-4').click(); //Selecting Any Option\ncy.get('.mat-flat-button').click(); //Clicking On Next Button",
              "err": {},
              "uuid": "f41989eb-b7bb-44af-8e7f-e3ea17e8c471",
              "parentUUID": "d5795c9f-d827-45d2-a040-07aad0b10345",
              "isHook": false,
              "skipped": false
            },
            {
              "title": "lets talk business",
              "fullTitle": "Test Still Water MonthlyEft lets talk business",
              "timedOut": null,
              "duration": 627,
              "state": "passed",
              "speed": "fast",
              "pass": true,
              "fail": false,
              "pending": false,
              "context": null,
              "code": "cy.get('#avatar-lily').should('be.visible'); // Picture should be visible\ncy.get('#cdk-step-content-0-4 > .ng-star-inserted > .buttons > :nth-child(1)').contains(\"No\").click(); //Selecting Any Option\ncy.get('.mat-flat-button').click(); //Clicking On Next Button",
              "err": {},
              "uuid": "7542bfbc-5c09-4fba-a52e-916e0a2d553f",
              "parentUUID": "d5795c9f-d827-45d2-a040-07aad0b10345",
              "isHook": false,
              "skipped": false
            },
            {
              "title": "Last question",
              "fullTitle": "Test Still Water MonthlyEft Last question",
              "timedOut": null,
              "duration": 516,
              "state": "passed",
              "speed": "fast",
              "pass": true,
              "fail": false,
              "pending": false,
              "context": null,
              "code": "cy.get('#avatar-lily').should('be.visible'); // Picture should be visible\ncy.get('#cdk-step-content-0-5 > .ng-star-inserted > .buttons > :nth-child(1)').contains(\"No\").click(); //Selecting Any Option\ncy.get('.mat-flat-button').click(); //Clicking On Next Button",
              "err": {},
              "uuid": "911eb662-3233-43d3-9442-ef3b16fb6620",
              "parentUUID": "d5795c9f-d827-45d2-a040-07aad0b10345",
              "isHook": false,
              "skipped": false
            },
            {
              "title": "Offers",
              "fullTitle": "Test Still Water MonthlyEft Offers",
              "timedOut": null,
              "duration": 9118,
              "state": "passed",
              "speed": "medium",
              "pass": true,
              "fail": false,
              "pending": false,
              "context": null,
              "code": "cy.get('#avatar-lily').should('be.visible'); // Picture should be visible\ncy.get('app-coverage-details.ng-star-inserted > div.ng-untouched').should(\"be.visible\"); //Rates Should Be visible\ncy.wait(6000);\ncy.get('.mat-flat-button').click({\n  multiple: true\n}); //Clicking On All Set Button",
              "err": {},
              "uuid": "39d52400-70c8-4367-8874-7450f903f1fa",
              "parentUUID": "d5795c9f-d827-45d2-a040-07aad0b10345",
              "isHook": false,
              "skipped": false
            },
            {
              "title": "confirmationPage",
              "fullTitle": "Test Still Water MonthlyEft confirmationPage",
              "timedOut": null,
              "duration": 840,
              "state": "passed",
              "speed": "fast",
              "pass": true,
              "fail": false,
              "pending": false,
              "context": null,
              "code": "cy.get('#avatar-lily').should('be.visible'); // Picture should be visible\ncy.get('.mat-horizontal-content-container').should('be.visible'); //Checking Confirm Rates\ncy.get('.mat-checkbox-inner-container').click(); //clicking on checkbox\ncy.get('.mat-flat-button').click(); //Clicking on Continue To Payment",
              "err": {},
              "uuid": "0ec68ee0-1190-42eb-96dc-bf253330fef5",
              "parentUUID": "d5795c9f-d827-45d2-a040-07aad0b10345",
              "isHook": false,
              "skipped": false
            },
            {
              "title": "PaymentMode",
              "fullTitle": "Test Still Water MonthlyEft PaymentMode",
              "timedOut": null,
              "duration": 2515,
              "state": "passed",
              "speed": "fast",
              "pass": true,
              "fail": false,
              "pending": false,
              "context": null,
              "code": "cy.get('#lbl_monthly_eft').click(); //click on Monthly EFT Payment\ncy.get('.payment_options_wrapper > :nth-child(2)').should('be.visible');\ncy.get('.payment_options_wrapper > :nth-child(3)').should('be.visible');\ncy.get('.payment_options_wrapper > :nth-child(4)').should('be.visible');\ncy.get('.payment_options_wrapper > :nth-child(5)').should('be.visible'); //Assert Selected Plans\ncy.get('.mat-flat-button').click(); //Clicking on Continue",
              "err": {},
              "uuid": "687c59ff-a994-464f-b325-bcf10761a267",
              "parentUUID": "d5795c9f-d827-45d2-a040-07aad0b10345",
              "isHook": false,
              "skipped": false
            },
            {
              "title": "creditCard",
              "fullTitle": "Test Still Water MonthlyEft creditCard",
              "timedOut": null,
              "duration": 2216,
              "state": "passed",
              "speed": "fast",
              "pass": true,
              "fail": false,
              "pending": false,
              "context": null,
              "code": "//Entering Account Details\ncy.get('#mat-input-14').type('111111111');\ncy.get('#mat-input-15').type('111111111111');\ncy.get('.mat-form-field-suffix > .mat-focus-indicator > .mat-button-wrapper > .mat-icon').click();\ncy.get('#mat-input-16').type('111111111111');\ncy.get('.mat-select-placeholder').click();\ncy.get('#mat-option-10 > .mat-option-text').click();\ncy.get('app-eft-bank-info.ng-star-inserted > :nth-child(3)').should('be.visible');\ncy.get('app-eft-bank-info.ng-star-inserted > .pad-bottom').should('be.visible');\ncy.get('.mat-flat-button').click(); //Clicking On Make Purchase",
              "err": {},
              "uuid": "57a930b4-0fd5-4858-8514-51c4505b4d05",
              "parentUUID": "d5795c9f-d827-45d2-a040-07aad0b10345",
              "isHook": false,
              "skipped": false
            }
          ],
          "suites": [],
          "passes": [
            "3395f607-b214-4817-a875-20f64eb1572f",
            "7ee730b8-5baf-4771-9f9b-fe602f78b25f",
            "7a2ec411-7f3c-4083-a689-3461bf179028",
            "0041f6e6-43b9-4555-b3f9-a2d7e8496729",
            "f15aa87a-ca5f-483e-9ac9-d79e6276d390",
            "f41989eb-b7bb-44af-8e7f-e3ea17e8c471",
            "7542bfbc-5c09-4fba-a52e-916e0a2d553f",
            "911eb662-3233-43d3-9442-ef3b16fb6620",
            "39d52400-70c8-4367-8874-7450f903f1fa",
            "0ec68ee0-1190-42eb-96dc-bf253330fef5",
            "687c59ff-a994-464f-b325-bcf10761a267",
            "57a930b4-0fd5-4858-8514-51c4505b4d05"
          ],
          "failures": [],
          "pending": [],
          "skipped": [],
          "duration": 38659,
          "root": false,
          "rootEmpty": false,
          "_timeout": 2000
        }
      ],
      "passes": [],
      "failures": [],
      "pending": [],
      "skipped": [],
      "duration": 0,
      "root": true,
      "rootEmpty": true,
      "_timeout": 2000
    },
    {
      "uuid": "5c186bd4-7998-4020-89ca-4f57f00a6a52",
      "title": "",
      "fullFile": "cypress/integration/stillWaterAnnual-spec.js",
      "file": "cypress/integration/stillWaterAnnual-spec.js",
      "beforeHooks": [],
      "afterHooks": [],
      "tests": [],
      "suites": [
        {
          "uuid": "3f57f309-08e9-4f61-aa4c-4191efd534d8",
          "title": "Test Still Water Annual",
          "fullFile": "",
          "file": "",
          "beforeHooks": [],
          "afterHooks": [],
          "tests": [
            {
              "title": "Load Website",
              "fullTitle": "Test Still Water Annual Load Website",
              "timedOut": null,
              "duration": 21791,
              "state": "passed",
              "speed": "slow",
              "pass": true,
              "fail": false,
              "pending": false,
              "context": null,
              "code": "cy.visit('/renters/renter');\ncy.wait(3000);",
              "err": {},
              "uuid": "abcf0a12-ad51-4327-a779-1ea55dacdbc3",
              "parentUUID": "3f57f309-08e9-4f61-aa4c-4191efd534d8",
              "isHook": false,
              "skipped": false
            },
            {
              "title": "Assert Data that  should be visible",
              "fullTitle": "Test Still Water Annual Assert Data that  should be visible",
              "timedOut": null,
              "duration": 178,
              "state": "passed",
              "speed": "fast",
              "pass": true,
              "fail": false,
              "pending": false,
              "context": null,
              "code": "cy.get('#avatar-lily').should('be.visible'); // Picture should be visible\ncy.get('.lily-voice').should('be.visible', this.data.firstPageData); // quote should be visible",
              "err": {},
              "uuid": "ea254208-f7aa-44d3-af07-f2cff66e9b7b",
              "parentUUID": "3f57f309-08e9-4f61-aa4c-4191efd534d8",
              "isHook": false,
              "skipped": false
            },
            {
              "title": "userInput",
              "fullTitle": "Test Still Water Annual userInput",
              "timedOut": null,
              "duration": 10160,
              "state": "passed",
              "speed": "slow",
              "pass": true,
              "fail": false,
              "pending": false,
              "context": null,
              "code": "cy.get('#mat-input-0').type(this.data.firstName); //Entering UserName\ncy.get('#mat-input-1').type(this.data.lastName); //Entering LastName\ncy.get('#mat-input-2').type(this.data.DateofBirth); //Entering DateOfBirth\ncy.get('.mat-flat-button').click();",
              "err": {},
              "uuid": "8a55b350-424c-46a9-ae52-0ae585b7a187",
              "parentUUID": "3f57f309-08e9-4f61-aa4c-4191efd534d8",
              "isHook": false,
              "skipped": false
            },
            {
              "title": "addressPageForVerification",
              "fullTitle": "Test Still Water Annual addressPageForVerification",
              "timedOut": null,
              "duration": 7730,
              "state": "passed",
              "speed": "medium",
              "pass": true,
              "fail": false,
              "pending": false,
              "context": null,
              "code": "cy.get('#avatar-lily').should('be.visible'); // Picture should be visible\ncy.get('#mat-input-3').type(this.data.address.address1); //Entering address\ncy.wait(3000);\ncy.get('.pac-item').click(); //Clicked On fetched Address\ncy.get('#mat-input-7').type(this.data.apt); // cy.get('.mat-flat-button').dblclick({ multiple: true });\nfor (let n = 0; n < 3; n++) {\n  cy.get('.mat-flat-button').click(); //Clicking On Next Button\n}",
              "err": {},
              "uuid": "f15c0338-0a32-4b74-83bb-7be7ed1a8a53",
              "parentUUID": "3f57f309-08e9-4f61-aa4c-4191efd534d8",
              "isHook": false,
              "skipped": false
            },
            {
              "title": "userCredentials",
              "fullTitle": "Test Still Water Annual userCredentials",
              "timedOut": null,
              "duration": 1382,
              "state": "passed",
              "speed": "fast",
              "pass": true,
              "fail": false,
              "pending": false,
              "context": null,
              "code": "cy.get('#avatar-lily').should('be.visible'); //Picture should be visible\ncy.get('#mat-input-8').type(this.data.email); // Entering Email\ncy.get('#mat-input-9').type(this.data.phoneNo); //Entering PhoneNo\ncy.get('.mat-flat-button').click(); //Clicking On Next Button",
              "err": {},
              "uuid": "7ebcc27e-abcd-48d9-bda1-f321bffdb18c",
              "parentUUID": "3f57f309-08e9-4f61-aa4c-4191efd534d8",
              "isHook": false,
              "skipped": false
            },
            {
              "title": "personalQuestions",
              "fullTitle": "Test Still Water Annual personalQuestions",
              "timedOut": null,
              "duration": 1814,
              "state": "passed",
              "speed": "fast",
              "pass": true,
              "fail": false,
              "pending": false,
              "context": null,
              "code": "cy.get('#avatar-lily').should('be.visible'); // Picture should be visible\ncy.get('#mat-radio-4').click(); //Selecting Any Option\ncy.get('.mat-flat-button').click(); //Clicking On Next Button",
              "err": {},
              "uuid": "ff8d2cc4-029a-48d7-ac26-6521da640921",
              "parentUUID": "3f57f309-08e9-4f61-aa4c-4191efd534d8",
              "isHook": false,
              "skipped": false
            },
            {
              "title": "lets talk business",
              "fullTitle": "Test Still Water Annual lets talk business",
              "timedOut": null,
              "duration": 697,
              "state": "passed",
              "speed": "fast",
              "pass": true,
              "fail": false,
              "pending": false,
              "context": null,
              "code": "cy.get('#avatar-lily').should('be.visible'); // Picture should be visible\ncy.get('#cdk-step-content-0-4 > .ng-star-inserted > .buttons > :nth-child(1)').contains(\"No\").click(); //Selecting Any Option\ncy.get('.mat-flat-button').click(); //Clicking On Next Button",
              "err": {},
              "uuid": "aa42c45c-e7c2-430d-9457-842bd97e71e9",
              "parentUUID": "3f57f309-08e9-4f61-aa4c-4191efd534d8",
              "isHook": false,
              "skipped": false
            },
            {
              "title": "Last question",
              "fullTitle": "Test Still Water Annual Last question",
              "timedOut": null,
              "duration": 651,
              "state": "passed",
              "speed": "fast",
              "pass": true,
              "fail": false,
              "pending": false,
              "context": null,
              "code": "cy.get('#avatar-lily').should('be.visible');\ncy.get('#cdk-step-content-0-5 > .ng-star-inserted > .buttons > :nth-child(1)').contains(\"No\").click(); //Selecting Any Option\ncy.get('.mat-flat-button').click(); //Clicking On Next Button",
              "err": {},
              "uuid": "fcb7a7b6-18af-47e3-bd1a-d0535a05eedb",
              "parentUUID": "3f57f309-08e9-4f61-aa4c-4191efd534d8",
              "isHook": false,
              "skipped": false
            },
            {
              "title": "Offers",
              "fullTitle": "Test Still Water Annual Offers",
              "timedOut": null,
              "duration": 10427,
              "state": "passed",
              "speed": "slow",
              "pass": true,
              "fail": false,
              "pending": false,
              "context": null,
              "code": "cy.get('#avatar-lily').should('be.visible'); // Picture should be visible\ncy.get('app-coverage-details.ng-star-inserted > div.ng-untouched').should(\"be.visible\"); //Selecting Any Option\ncy.wait(6000);\ncy.get('.mat-flat-button').click({\n  multiple: true\n}); //Clicking On Next Button",
              "err": {},
              "uuid": "33666a0f-34e7-4942-bce3-049cb7df1498",
              "parentUUID": "3f57f309-08e9-4f61-aa4c-4191efd534d8",
              "isHook": false,
              "skipped": false
            },
            {
              "title": "confirmationPage",
              "fullTitle": "Test Still Water Annual confirmationPage",
              "timedOut": null,
              "duration": 1082,
              "state": "passed",
              "speed": "fast",
              "pass": true,
              "fail": false,
              "pending": false,
              "context": null,
              "code": "cy.get('#avatar-lily').should('be.visible'); // Picture should be visible\ncy.get('.mat-horizontal-content-container').should('be.visible'); //Checking Confirm Rates\ncy.get('.mat-checkbox-inner-container').click(); //clicking on checkbox\ncy.get('.mat-flat-button').click(); //Clicking on Continue To Payment",
              "err": {},
              "uuid": "ab75d112-e515-473d-acd6-2b72fc1934fa",
              "parentUUID": "3f57f309-08e9-4f61-aa4c-4191efd534d8",
              "isHook": false,
              "skipped": false
            },
            {
              "title": "PaymentMode",
              "fullTitle": "Test Still Water Annual PaymentMode",
              "timedOut": null,
              "duration": 7883,
              "state": "passed",
              "speed": "medium",
              "pass": true,
              "fail": false,
              "pending": false,
              "context": null,
              "code": "cy.get('#lbl_paid_in_full').click(); //selecting Annual,paid in full\ncy.get('.mat-flat-button').click(); //Clicking on Continue\ncy.get('#mat-input-14').type('111111111'); // details\ncy.get('#mat-input-15').type('111111111111');\ncy.get('.mat-form-field-suffix > .mat-focus-indicator > .mat-button-wrapper > .mat-icon').click();\ncy.get('#mat-input-16').type('111111111111');\ncy.get('.mat-select-placeholder').click();\ncy.get('#mat-option-10 > .mat-option-text').click();\ncy.get('app-eft-bank-info.ng-star-inserted > :nth-child(3)').should('be.visible');\ncy.get('app-eft-bank-info.ng-star-inserted > .pad-bottom').should('be.visible');\ncy.get('.mat-flat-button').should('be.visible').click();",
              "err": {},
              "uuid": "e12b19b4-874c-4413-9bf1-42d6775777df",
              "parentUUID": "3f57f309-08e9-4f61-aa4c-4191efd534d8",
              "isHook": false,
              "skipped": false
            }
          ],
          "suites": [],
          "passes": [
            "abcf0a12-ad51-4327-a779-1ea55dacdbc3",
            "ea254208-f7aa-44d3-af07-f2cff66e9b7b",
            "8a55b350-424c-46a9-ae52-0ae585b7a187",
            "f15c0338-0a32-4b74-83bb-7be7ed1a8a53",
            "7ebcc27e-abcd-48d9-bda1-f321bffdb18c",
            "ff8d2cc4-029a-48d7-ac26-6521da640921",
            "aa42c45c-e7c2-430d-9457-842bd97e71e9",
            "fcb7a7b6-18af-47e3-bd1a-d0535a05eedb",
            "33666a0f-34e7-4942-bce3-049cb7df1498",
            "ab75d112-e515-473d-acd6-2b72fc1934fa",
            "e12b19b4-874c-4413-9bf1-42d6775777df"
          ],
          "failures": [],
          "pending": [],
          "skipped": [],
          "duration": 63795,
          "root": false,
          "rootEmpty": false,
          "_timeout": 2000
        }
      ],
      "passes": [],
      "failures": [],
      "pending": [],
      "skipped": [],
      "duration": 0,
      "root": true,
      "rootEmpty": true,
      "_timeout": 2000
    }
  ],
  "meta": {
    "mocha": {
      "version": "7.0.1"
    },
    "mochawesome": {
      "options": {
        "quiet": false,
        "reportFilename": "mochawesome",
        "saveHtml": false,
        "saveJson": true,
        "consoleReporter": "spec",
        "useInlineDiffs": false,
        "code": true
      },
      "version": "7.0.1"
    },
    "marge": {
      "options": {
        "id": "default",
        "reportDir": "cypress/reports/mocha",
        "quite": true,
        "overwrite": false,
        "html": false,
        "json": true
      },
      "version": "6.0.1"
    }
  }
}